2019-10-21 20:28:35,281 - [DEBUG] [message] 
=================开始执行测试================= - test_05_invest.py - 31
2019-10-21 20:28:35,423 - [INFO] [message] 请求url: http://test.lemonban.com:8080/futureloan/mvc/api/member/login, 请求参数: {'mobilephone': '18976490258', 'pwd': '123456'}, 请求头: {'User-Agent': 'python-requests/2.21.0', 'Accept-Encoding': 'gzip, deflate', 'Accept': '*/*', 'Connection': 'keep-alive'} - handle_request.py - 66
2019-10-21 20:28:35,423 - [INFO] [message] 响应状态码: 200, 响应结果: {"status":1,"code":"10001","data":null,"msg":"登录成功"}, 请求头: {'Server': 'Apache-Coyote/1.1', 'Set-Cookie': 'JSESSIONID=099C57319A850B0A2E4509471914F0F0; Path=/futureloan, rememberMe=deleteMe; Path=/futureloan; Max-Age=0; Expires=Sun, 20-Oct-2019 12:28:35 GMT', 'Content-Type': 'application/json;charset=UTF-8', 'Transfer-Encoding': 'chunked', 'Date': 'Mon, 21 Oct 2019 12:28:35 GMT'} - handle_request.py - 67
2019-10-21 20:28:35,568 - [DEBUG] [message] 测试管理员正常登录, 执行结果为:Pass - test_05_invest.py - 67
2019-10-21 20:28:35,791 - [INFO] [message] 请求url: http://test.lemonban.com:8080/futureloan/mvc/api/loan/add, 请求参数: {'memberId': '175877', 'title': '上海买房', 'amount': 100000, 'loanRate': 18.0, 'loanTerm': 4, 'loanDateType': 0, 'repaymemtWay': 4, 'biddingDays': 10}, 请求头: {'User-Agent': 'python-requests/2.21.0', 'Accept-Encoding': 'gzip, deflate', 'Accept': '*/*', 'Connection': 'keep-alive'} - handle_request.py - 66
2019-10-21 20:28:35,791 - [INFO] [message] 响应状态码: 200, 响应结果: {"status":1,"code":"10001","data":null,"msg":"加标成功"}, 请求头: {'Server': 'Apache-Coyote/1.1', 'Content-Type': 'application/json;charset=UTF-8', 'Transfer-Encoding': 'chunked', 'Date': 'Mon, 21 Oct 2019 12:28:35 GMT'} - handle_request.py - 67
2019-10-21 20:28:35,929 - [DEBUG] [message] 测试管理员加标, 执行结果为:Pass - test_05_invest.py - 67
2019-10-21 20:28:36,035 - [INFO] [message] 请求url: http://test.lemonban.com:8080/futureloan/mvc/api/loan/audit, 请求参数: {'id': '115075', 'status': '4'}, 请求头: {'User-Agent': 'python-requests/2.21.0', 'Accept-Encoding': 'gzip, deflate', 'Accept': '*/*', 'Connection': 'keep-alive'} - handle_request.py - 66
2019-10-21 20:28:36,035 - [INFO] [message] 响应状态码: 200, 响应结果: {"status":1,"code":"10001","data":null,"msg":"更新状态成功：竞标开始，当前标为竞标中状态"}, 请求头: {'Server': 'Apache-Coyote/1.1', 'Content-Type': 'application/json;charset=UTF-8', 'Transfer-Encoding': 'chunked', 'Date': 'Mon, 21 Oct 2019 12:28:35 GMT'} - handle_request.py - 67
2019-10-21 20:28:36,176 - [DEBUG] [message] 测试管理员审核, 执行结果为:Pass - test_05_invest.py - 67
2019-10-21 20:28:36,324 - [INFO] [message] 请求url: http://test.lemonban.com:8080/futureloan/mvc/api/member/login, 请求参数: {'mobilephone': '18929186740', 'pwd': '123456'}, 请求头: {'User-Agent': 'python-requests/2.21.0', 'Accept-Encoding': 'gzip, deflate', 'Accept': '*/*', 'Connection': 'keep-alive'} - handle_request.py - 66
2019-10-21 20:28:36,324 - [INFO] [message] 响应状态码: 200, 响应结果: {"status":1,"code":"10001","data":null,"msg":"登录成功"}, 请求头: {'Server': 'Apache-Coyote/1.1', 'Set-Cookie': 'rememberMe=deleteMe; Path=/futureloan; Max-Age=0; Expires=Sun, 20-Oct-2019 12:28:36 GMT', 'Content-Type': 'application/json;charset=UTF-8', 'Transfer-Encoding': 'chunked', 'Date': 'Mon, 21 Oct 2019 12:28:35 GMT'} - handle_request.py - 67
2019-10-21 20:28:36,428 - [INFO] [message] 请求url: http://test.lemonban.com:8080/futureloan/mvc/api/member/bidLoan, 请求参数: {'memberId': '175876', 'password': '123456', 'loanId': '115075', 'amount': '1000'}, 请求头: {'User-Agent': 'python-requests/2.21.0', 'Accept-Encoding': 'gzip, deflate', 'Accept': '*/*', 'Connection': 'keep-alive'} - handle_request.py - 66
2019-10-21 20:28:36,428 - [INFO] [message] 响应状态码: 200, 响应结果: {"status":1,"code":"10001","data":null,"msg":"竞标成功"}, 请求头: {'Server': 'Apache-Coyote/1.1', 'Content-Type': 'application/json;charset=UTF-8', 'Transfer-Encoding': 'chunked', 'Date': 'Mon, 21 Oct 2019 12:28:36 GMT'} - handle_request.py - 67
2019-10-21 20:28:36,559 - [DEBUG] [message] 测试投资人正常投资, 执行结果为:Pass - test_05_invest.py - 67
2019-10-21 20:28:36,632 - [INFO] [message] 请求url: http://test.lemonban.com:8080/futureloan/mvc/api/member/bidLoan, 请求参数: {'memberId': '', 'password': '123456', 'loanId': '115075', 'amount': '1000'}, 请求头: {'User-Agent': 'python-requests/2.21.0', 'Accept-Encoding': 'gzip, deflate', 'Accept': '*/*', 'Connection': 'keep-alive'} - handle_request.py - 66
2019-10-21 20:28:36,632 - [INFO] [message] 响应状态码: 200, 响应结果: {"status":0,"code":"11003","data":null,"msg":"参数错误:所有参数都不能为空"}, 请求头: {'Server': 'Apache-Coyote/1.1', 'Content-Type': 'application/json;charset=UTF-8', 'Transfer-Encoding': 'chunked', 'Date': 'Mon, 21 Oct 2019 12:28:36 GMT'} - handle_request.py - 67
2019-10-21 20:28:36,785 - [DEBUG] [message] 测试投资人id为空, 执行结果为:Pass - test_05_invest.py - 67
2019-10-21 20:28:36,971 - [INFO] [message] 请求url: http://test.lemonban.com:8080/futureloan/mvc/api/member/bidLoan, 请求参数: {'memberId': '175876', 'password': '', 'loanId': '115075', 'amount': '1000'}, 请求头: {'User-Agent': 'python-requests/2.21.0', 'Accept-Encoding': 'gzip, deflate', 'Accept': '*/*', 'Connection': 'keep-alive'} - handle_request.py - 66
2019-10-21 20:28:36,971 - [INFO] [message] 响应状态码: 200, 响应结果: {"status":0,"code":"11003","data":null,"msg":"参数错误:所有参数都不能为空"}, 请求头: {'Server': 'Apache-Coyote/1.1', 'Content-Type': 'application/json;charset=UTF-8', 'Transfer-Encoding': 'chunked', 'Date': 'Mon, 21 Oct 2019 12:28:36 GMT'} - handle_request.py - 67
2019-10-21 20:28:37,111 - [DEBUG] [message] 测试投资人密码为空, 执行结果为:Pass - test_05_invest.py - 67
2019-10-21 20:28:37,262 - [INFO] [message] 请求url: http://test.lemonban.com:8080/futureloan/mvc/api/member/bidLoan, 请求参数: {'memberId': '175876', 'password': '123456', 'loanId': '', 'amount': '1000'}, 请求头: {'User-Agent': 'python-requests/2.21.0', 'Accept-Encoding': 'gzip, deflate', 'Accept': '*/*', 'Connection': 'keep-alive'} - handle_request.py - 66
2019-10-21 20:28:37,262 - [INFO] [message] 响应状态码: 200, 响应结果: {"status":0,"code":"11003","data":null,"msg":"参数错误:所有参数都不能为空"}, 请求头: {'Server': 'Apache-Coyote/1.1', 'Content-Type': 'application/json;charset=UTF-8', 'Transfer-Encoding': 'chunked', 'Date': 'Mon, 21 Oct 2019 12:28:36 GMT'} - handle_request.py - 67
2019-10-21 20:28:37,403 - [DEBUG] [message] 测试标id为空, 执行结果为:Pass - test_05_invest.py - 67
2019-10-21 20:28:37,490 - [INFO] [message] 请求url: http://test.lemonban.com:8080/futureloan/mvc/api/member/bidLoan, 请求参数: {'memberId': '175876', 'password': '123456', 'loanId': '115075', 'amount': ''}, 请求头: {'User-Agent': 'python-requests/2.21.0', 'Accept-Encoding': 'gzip, deflate', 'Accept': '*/*', 'Connection': 'keep-alive'} - handle_request.py - 66
2019-10-21 20:28:37,490 - [INFO] [message] 响应状态码: 200, 响应结果: {"status":0,"code":"11003","data":null,"msg":"参数错误:所有参数都不能为空"}, 请求头: {'Server': 'Apache-Coyote/1.1', 'Content-Type': 'application/json;charset=UTF-8', 'Transfer-Encoding': 'chunked', 'Date': 'Mon, 21 Oct 2019 12:28:37 GMT'} - handle_request.py - 67
2019-10-21 20:28:37,628 - [DEBUG] [message] 测试投资金额为空, 执行结果为:Pass - test_05_invest.py - 67
2019-10-21 20:28:37,810 - [INFO] [message] 请求url: http://test.lemonban.com:8080/futureloan/mvc/api/member/bidLoan, 请求参数: {'memberId': '0', 'password': '123456', 'loanId': '115075', 'amount': '1000'}, 请求头: {'User-Agent': 'python-requests/2.21.0', 'Accept-Encoding': 'gzip, deflate', 'Accept': '*/*', 'Connection': 'keep-alive'} - handle_request.py - 66
2019-10-21 20:28:37,810 - [INFO] [message] 响应状态码: 200, 响应结果: {"status":0,"code":"11004","data":null,"msg":"参数错误，memberId必须是大于0的正整数"}, 请求头: {'Server': 'Apache-Coyote/1.1', 'Content-Type': 'application/json;charset=UTF-8', 'Transfer-Encoding': 'chunked', 'Date': 'Mon, 21 Oct 2019 12:28:37 GMT'} - handle_request.py - 67
2019-10-21 20:28:37,951 - [DEBUG] [message] 测试投资人id为0, 执行结果为:Pass - test_05_invest.py - 67
2019-10-21 20:28:38,247 - [INFO] [message] 请求url: http://test.lemonban.com:8080/futureloan/mvc/api/member/bidLoan, 请求参数: {'memberId': '175876', 'password': '123456', 'loanId': '0', 'amount': '1000'}, 请求头: {'User-Agent': 'python-requests/2.21.0', 'Accept-Encoding': 'gzip, deflate', 'Accept': '*/*', 'Connection': 'keep-alive'} - handle_request.py - 66
2019-10-21 20:28:38,247 - [INFO] [message] 响应状态码: 200, 响应结果: {"status":0,"code":"11009","data":null,"msg":"不存在该标的"}, 请求头: {'Server': 'Apache-Coyote/1.1', 'Content-Type': 'application/json;charset=UTF-8', 'Transfer-Encoding': 'chunked', 'Date': 'Mon, 21 Oct 2019 12:28:37 GMT'} - handle_request.py - 67
2019-10-21 20:28:38,376 - [DEBUG] [message] 测试标id为0, 执行结果为:Pass - test_05_invest.py - 67
2019-10-21 20:28:38,463 - [INFO] [message] 请求url: http://test.lemonban.com:8080/futureloan/mvc/api/member/bidLoan, 请求参数: {'memberId': '175876', 'password': '12312', 'loanId': '115075', 'amount': '1000'}, 请求头: {'User-Agent': 'python-requests/2.21.0', 'Accept-Encoding': 'gzip, deflate', 'Accept': '*/*', 'Connection': 'keep-alive'} - handle_request.py - 66
2019-10-21 20:28:38,464 - [INFO] [message] 响应状态码: 200, 响应结果: {"status":0,"code":"11006","data":null,"msg":"参数错误，password长度必须大于6位且小于18位"}, 请求头: {'Server': 'Apache-Coyote/1.1', 'Content-Type': 'application/json;charset=UTF-8', 'Transfer-Encoding': 'chunked', 'Date': 'Mon, 21 Oct 2019 12:28:37 GMT'} - handle_request.py - 67
2019-10-21 20:28:38,608 - [DEBUG] [message] 测试投资人密码小于6位, 执行结果为:Pass - test_05_invest.py - 67
2019-10-21 20:28:38,673 - [INFO] [message] 请求url: http://test.lemonban.com:8080/futureloan/mvc/api/member/bidLoan, 请求参数: {'memberId': '175876', 'password': '1234561234561234567', 'loanId': '115075', 'amount': '1000'}, 请求头: {'User-Agent': 'python-requests/2.21.0', 'Accept-Encoding': 'gzip, deflate', 'Accept': '*/*', 'Connection': 'keep-alive'} - handle_request.py - 66
2019-10-21 20:28:38,674 - [INFO] [message] 响应状态码: 200, 响应结果: {"status":0,"code":"11006","data":null,"msg":"参数错误，password长度必须大于6位且小于18位"}, 请求头: {'Server': 'Apache-Coyote/1.1', 'Content-Type': 'application/json;charset=UTF-8', 'Transfer-Encoding': 'chunked', 'Date': 'Mon, 21 Oct 2019 12:28:38 GMT'} - handle_request.py - 67
2019-10-21 20:28:38,806 - [DEBUG] [message] 测试投资人密码大于18位, 执行结果为:Pass - test_05_invest.py - 67
2019-10-21 20:28:38,871 - [INFO] [message] 请求url: http://test.lemonban.com:8080/futureloan/mvc/api/member/bidLoan, 请求参数: {'memberId': '175876', 'password': '123456', 'loanId': '115075', 'amount': '1009'}, 请求头: {'User-Agent': 'python-requests/2.21.0', 'Accept-Encoding': 'gzip, deflate', 'Accept': '*/*', 'Connection': 'keep-alive'} - handle_request.py - 66
2019-10-21 20:28:38,871 - [INFO] [message] 响应状态码: 200, 响应结果: {"status":0,"code":"11007","data":null,"msg":"参数错误，投资金额必须是能被100整除的正整数"}, 请求头: {'Server': 'Apache-Coyote/1.1', 'Content-Type': 'application/json;charset=UTF-8', 'Transfer-Encoding': 'chunked', 'Date': 'Mon, 21 Oct 2019 12:28:38 GMT'} - handle_request.py - 67
2019-10-21 20:28:39,023 - [DEBUG] [message] 测试投资金额不能被100整除, 执行结果为:Pass - test_05_invest.py - 67
2019-10-21 20:28:39,089 - [INFO] [message] 请求url: http://test.lemonban.com:8080/futureloan/mvc/api/member/bidLoan, 请求参数: {'memberId': '${invest_id_not_exists}', 'password': '123456', 'loanId': '115075', 'amount': '1009'}, 请求头: {'User-Agent': 'python-requests/2.21.0', 'Accept-Encoding': 'gzip, deflate', 'Accept': '*/*', 'Connection': 'keep-alive'} - handle_request.py - 66
2019-10-21 20:28:39,089 - [INFO] [message] 响应状态码: 200, 响应结果: {"status":0,"code":"11013","data":null,"msg":"请根据数值参数的类型对应输入合法的数字"}, 请求头: {'Server': 'Apache-Coyote/1.1', 'Content-Type': 'application/json;charset=UTF-8', 'Transfer-Encoding': 'chunked', 'Date': 'Mon, 21 Oct 2019 12:28:38 GMT'} - handle_request.py - 67
2019-10-21 20:28:39,267 - [ERROR] [message] 测试投资人id不存在, 执行结果为:Fail, 异常结果为:'11008' not found in '{"status":0,"code":"11013","data":null,"msg":"请根据数值参数的类型对应输入合法的数字"}' : 测试投资人id不存在 - test_05_invest.py - 71
2019-10-21 20:28:39,340 - [INFO] [message] 请求url: http://test.lemonban.com:8080/futureloan/mvc/api/member/bidLoan, 请求参数: {'memberId': '175876', 'password': '123456', 'loanId': '125075', 'amount': '1009'}, 请求头: {'User-Agent': 'python-requests/2.21.0', 'Accept-Encoding': 'gzip, deflate', 'Accept': '*/*', 'Connection': 'keep-alive'} - handle_request.py - 66
2019-10-21 20:28:39,340 - [INFO] [message] 响应状态码: 200, 响应结果: {"status":0,"code":"11007","data":null,"msg":"参数错误，投资金额必须是能被100整除的正整数"}, 请求头: {'Server': 'Apache-Coyote/1.1', 'Content-Type': 'application/json;charset=UTF-8', 'Transfer-Encoding': 'chunked', 'Date': 'Mon, 21 Oct 2019 12:28:38 GMT'} - handle_request.py - 67
2019-10-21 20:28:39,507 - [ERROR] [message] 测试标id不存在, 执行结果为:Fail, 异常结果为:'11009' not found in '{"status":0,"code":"11007","data":null,"msg":"参数错误，投资金额必须是能被100整除的正整数"}' : 测试标id不存在 - test_05_invest.py - 71
2019-10-21 20:28:39,507 - [DEBUG] [message] 
==================结束测试================== - test_05_invest.py - 36
2019-10-21 20:30:30,744 - [DEBUG] [message] 
=================开始执行测试================= - test_05_invest.py - 31
2019-10-21 20:30:30,896 - [INFO] [message] 请求url: http://test.lemonban.com:8080/futureloan/mvc/api/member/login, 请求参数: {'mobilephone': '18976490258', 'pwd': '123456'}, 请求头: {'User-Agent': 'python-requests/2.21.0', 'Accept-Encoding': 'gzip, deflate', 'Accept': '*/*', 'Connection': 'keep-alive'} - handle_request.py - 66
2019-10-21 20:30:30,896 - [INFO] [message] 响应状态码: 200, 响应结果: {"status":1,"code":"10001","data":null,"msg":"登录成功"}, 请求头: {'Server': 'Apache-Coyote/1.1', 'Set-Cookie': 'JSESSIONID=37B30D9529503A46138D39C100BACDFE; Path=/futureloan, rememberMe=deleteMe; Path=/futureloan; Max-Age=0; Expires=Sun, 20-Oct-2019 12:30:30 GMT', 'Content-Type': 'application/json;charset=UTF-8', 'Transfer-Encoding': 'chunked', 'Date': 'Mon, 21 Oct 2019 12:30:30 GMT'} - handle_request.py - 67
2019-10-21 20:30:31,076 - [DEBUG] [message] 测试管理员正常登录, 执行结果为:Pass - test_05_invest.py - 67
2019-10-21 20:30:31,298 - [INFO] [message] 请求url: http://test.lemonban.com:8080/futureloan/mvc/api/loan/add, 请求参数: {'memberId': '175877', 'title': '上海买房', 'amount': 100000, 'loanRate': 18.0, 'loanTerm': 4, 'loanDateType': 0, 'repaymemtWay': 4, 'biddingDays': 10}, 请求头: {'User-Agent': 'python-requests/2.21.0', 'Accept-Encoding': 'gzip, deflate', 'Accept': '*/*', 'Connection': 'keep-alive'} - handle_request.py - 66
2019-10-21 20:30:31,298 - [INFO] [message] 响应状态码: 200, 响应结果: {"status":1,"code":"10001","data":null,"msg":"加标成功"}, 请求头: {'Server': 'Apache-Coyote/1.1', 'Content-Type': 'application/json;charset=UTF-8', 'Transfer-Encoding': 'chunked', 'Date': 'Mon, 21 Oct 2019 12:30:30 GMT'} - handle_request.py - 67
2019-10-21 20:30:31,432 - [DEBUG] [message] 测试管理员加标, 执行结果为:Pass - test_05_invest.py - 67
2019-10-21 20:30:31,513 - [INFO] [message] 请求url: http://test.lemonban.com:8080/futureloan/mvc/api/loan/audit, 请求参数: {'id': '115076', 'status': '4'}, 请求头: {'User-Agent': 'python-requests/2.21.0', 'Accept-Encoding': 'gzip, deflate', 'Accept': '*/*', 'Connection': 'keep-alive'} - handle_request.py - 66
2019-10-21 20:30:31,513 - [INFO] [message] 响应状态码: 200, 响应结果: {"status":1,"code":"10001","data":null,"msg":"更新状态成功：竞标开始，当前标为竞标中状态"}, 请求头: {'Server': 'Apache-Coyote/1.1', 'Content-Type': 'application/json;charset=UTF-8', 'Transfer-Encoding': 'chunked', 'Date': 'Mon, 21 Oct 2019 12:30:30 GMT'} - handle_request.py - 67
2019-10-21 20:30:31,656 - [DEBUG] [message] 测试管理员审核, 执行结果为:Pass - test_05_invest.py - 67
2019-10-21 20:30:31,818 - [INFO] [message] 请求url: http://test.lemonban.com:8080/futureloan/mvc/api/member/login, 请求参数: {'mobilephone': '18929186740', 'pwd': '123456'}, 请求头: {'User-Agent': 'python-requests/2.21.0', 'Accept-Encoding': 'gzip, deflate', 'Accept': '*/*', 'Connection': 'keep-alive'} - handle_request.py - 66
2019-10-21 20:30:31,818 - [INFO] [message] 响应状态码: 200, 响应结果: {"status":1,"code":"10001","data":null,"msg":"登录成功"}, 请求头: {'Server': 'Apache-Coyote/1.1', 'Set-Cookie': 'rememberMe=deleteMe; Path=/futureloan; Max-Age=0; Expires=Sun, 20-Oct-2019 12:30:31 GMT', 'Content-Type': 'application/json;charset=UTF-8', 'Transfer-Encoding': 'chunked', 'Date': 'Mon, 21 Oct 2019 12:30:30 GMT'} - handle_request.py - 67
2019-10-21 20:30:31,955 - [DEBUG] [message] 测试投资人正常登录, 执行结果为:Pass - test_05_invest.py - 67
2019-10-21 20:30:32,127 - [INFO] [message] 请求url: http://test.lemonban.com:8080/futureloan/mvc/api/member/bidLoan, 请求参数: {'memberId': '175876', 'password': '123456', 'loanId': '115076', 'amount': '1000'}, 请求头: {'User-Agent': 'python-requests/2.21.0', 'Accept-Encoding': 'gzip, deflate', 'Accept': '*/*', 'Connection': 'keep-alive'} - handle_request.py - 66
2019-10-21 20:30:32,127 - [INFO] [message] 响应状态码: 200, 响应结果: {"status":1,"code":"10001","data":null,"msg":"竞标成功"}, 请求头: {'Server': 'Apache-Coyote/1.1', 'Content-Type': 'application/json;charset=UTF-8', 'Transfer-Encoding': 'chunked', 'Date': 'Mon, 21 Oct 2019 12:30:32 GMT'} - handle_request.py - 67
2019-10-21 20:30:32,284 - [DEBUG] [message] 测试投资人正常投资, 执行结果为:Pass - test_05_invest.py - 67
2019-10-21 20:30:32,365 - [INFO] [message] 请求url: http://test.lemonban.com:8080/futureloan/mvc/api/member/bidLoan, 请求参数: {'memberId': '', 'password': '123456', 'loanId': '115076', 'amount': '1000'}, 请求头: {'User-Agent': 'python-requests/2.21.0', 'Accept-Encoding': 'gzip, deflate', 'Accept': '*/*', 'Connection': 'keep-alive'} - handle_request.py - 66
2019-10-21 20:30:32,365 - [INFO] [message] 响应状态码: 200, 响应结果: {"status":0,"code":"11003","data":null,"msg":"参数错误:所有参数都不能为空"}, 请求头: {'Server': 'Apache-Coyote/1.1', 'Content-Type': 'application/json;charset=UTF-8', 'Transfer-Encoding': 'chunked', 'Date': 'Mon, 21 Oct 2019 12:30:32 GMT'} - handle_request.py - 67
2019-10-21 20:30:32,502 - [DEBUG] [message] 测试投资人id为空, 执行结果为:Pass - test_05_invest.py - 67
2019-10-21 20:30:32,571 - [INFO] [message] 请求url: http://test.lemonban.com:8080/futureloan/mvc/api/member/bidLoan, 请求参数: {'memberId': '175876', 'password': '', 'loanId': '115076', 'amount': '1000'}, 请求头: {'User-Agent': 'python-requests/2.21.0', 'Accept-Encoding': 'gzip, deflate', 'Accept': '*/*', 'Connection': 'keep-alive'} - handle_request.py - 66
2019-10-21 20:30:32,571 - [INFO] [message] 响应状态码: 200, 响应结果: {"status":0,"code":"11003","data":null,"msg":"参数错误:所有参数都不能为空"}, 请求头: {'Server': 'Apache-Coyote/1.1', 'Content-Type': 'application/json;charset=UTF-8', 'Transfer-Encoding': 'chunked', 'Date': 'Mon, 21 Oct 2019 12:30:32 GMT'} - handle_request.py - 67
2019-10-21 20:30:32,709 - [DEBUG] [message] 测试投资人密码为空, 执行结果为:Pass - test_05_invest.py - 67
2019-10-21 20:30:32,783 - [INFO] [message] 请求url: http://test.lemonban.com:8080/futureloan/mvc/api/member/bidLoan, 请求参数: {'memberId': '175876', 'password': '123456', 'loanId': '', 'amount': '1000'}, 请求头: {'User-Agent': 'python-requests/2.21.0', 'Accept-Encoding': 'gzip, deflate', 'Accept': '*/*', 'Connection': 'keep-alive'} - handle_request.py - 66
2019-10-21 20:30:32,783 - [INFO] [message] 响应状态码: 200, 响应结果: {"status":0,"code":"11003","data":null,"msg":"参数错误:所有参数都不能为空"}, 请求头: {'Server': 'Apache-Coyote/1.1', 'Content-Type': 'application/json;charset=UTF-8', 'Transfer-Encoding': 'chunked', 'Date': 'Mon, 21 Oct 2019 12:30:32 GMT'} - handle_request.py - 67
2019-10-21 20:30:32,917 - [DEBUG] [message] 测试标id为空, 执行结果为:Pass - test_05_invest.py - 67
2019-10-21 20:30:32,990 - [INFO] [message] 请求url: http://test.lemonban.com:8080/futureloan/mvc/api/member/bidLoan, 请求参数: {'memberId': '175876', 'password': '123456', 'loanId': '115076', 'amount': ''}, 请求头: {'User-Agent': 'python-requests/2.21.0', 'Accept-Encoding': 'gzip, deflate', 'Accept': '*/*', 'Connection': 'keep-alive'} - handle_request.py - 66
2019-10-21 20:30:32,990 - [INFO] [message] 响应状态码: 200, 响应结果: {"status":0,"code":"11003","data":null,"msg":"参数错误:所有参数都不能为空"}, 请求头: {'Server': 'Apache-Coyote/1.1', 'Content-Type': 'application/json;charset=UTF-8', 'Transfer-Encoding': 'chunked', 'Date': 'Mon, 21 Oct 2019 12:30:32 GMT'} - handle_request.py - 67
2019-10-21 20:30:33,120 - [DEBUG] [message] 测试投资金额为空, 执行结果为:Pass - test_05_invest.py - 67
2019-10-21 20:30:33,192 - [INFO] [message] 请求url: http://test.lemonban.com:8080/futureloan/mvc/api/member/bidLoan, 请求参数: {'memberId': '0', 'password': '123456', 'loanId': '115076', 'amount': '1000'}, 请求头: {'User-Agent': 'python-requests/2.21.0', 'Accept-Encoding': 'gzip, deflate', 'Accept': '*/*', 'Connection': 'keep-alive'} - handle_request.py - 66
2019-10-21 20:30:33,192 - [INFO] [message] 响应状态码: 200, 响应结果: {"status":0,"code":"11004","data":null,"msg":"参数错误，memberId必须是大于0的正整数"}, 请求头: {'Server': 'Apache-Coyote/1.1', 'Content-Type': 'application/json;charset=UTF-8', 'Transfer-Encoding': 'chunked', 'Date': 'Mon, 21 Oct 2019 12:30:33 GMT'} - handle_request.py - 67
2019-10-21 20:30:33,323 - [DEBUG] [message] 测试投资人id为0, 执行结果为:Pass - test_05_invest.py - 67
2019-10-21 20:30:33,393 - [INFO] [message] 请求url: http://test.lemonban.com:8080/futureloan/mvc/api/member/bidLoan, 请求参数: {'memberId': '175876', 'password': '123456', 'loanId': '0', 'amount': '1000'}, 请求头: {'User-Agent': 'python-requests/2.21.0', 'Accept-Encoding': 'gzip, deflate', 'Accept': '*/*', 'Connection': 'keep-alive'} - handle_request.py - 66
2019-10-21 20:30:33,394 - [INFO] [message] 响应状态码: 200, 响应结果: {"status":0,"code":"11009","data":null,"msg":"不存在该标的"}, 请求头: {'Server': 'Apache-Coyote/1.1', 'Content-Type': 'application/json;charset=UTF-8', 'Transfer-Encoding': 'chunked', 'Date': 'Mon, 21 Oct 2019 12:30:33 GMT'} - handle_request.py - 67
2019-10-21 20:30:33,524 - [DEBUG] [message] 测试标id为0, 执行结果为:Pass - test_05_invest.py - 67
2019-10-21 20:30:33,595 - [INFO] [message] 请求url: http://test.lemonban.com:8080/futureloan/mvc/api/member/bidLoan, 请求参数: {'memberId': '175876', 'password': '12312', 'loanId': '115076', 'amount': '1000'}, 请求头: {'User-Agent': 'python-requests/2.21.0', 'Accept-Encoding': 'gzip, deflate', 'Accept': '*/*', 'Connection': 'keep-alive'} - handle_request.py - 66
2019-10-21 20:30:33,595 - [INFO] [message] 响应状态码: 200, 响应结果: {"status":0,"code":"11006","data":null,"msg":"参数错误，password长度必须大于6位且小于18位"}, 请求头: {'Server': 'Apache-Coyote/1.1', 'Content-Type': 'application/json;charset=UTF-8', 'Transfer-Encoding': 'chunked', 'Date': 'Mon, 21 Oct 2019 12:30:33 GMT'} - handle_request.py - 67
2019-10-21 20:30:33,736 - [DEBUG] [message] 测试投资人密码小于6位, 执行结果为:Pass - test_05_invest.py - 67
2019-10-21 20:30:33,802 - [INFO] [message] 请求url: http://test.lemonban.com:8080/futureloan/mvc/api/member/bidLoan, 请求参数: {'memberId': '175876', 'password': '1234561234561234567', 'loanId': '115076', 'amount': '1000'}, 请求头: {'User-Agent': 'python-requests/2.21.0', 'Accept-Encoding': 'gzip, deflate', 'Accept': '*/*', 'Connection': 'keep-alive'} - handle_request.py - 66
2019-10-21 20:30:33,802 - [INFO] [message] 响应状态码: 200, 响应结果: {"status":0,"code":"11006","data":null,"msg":"参数错误，password长度必须大于6位且小于18位"}, 请求头: {'Server': 'Apache-Coyote/1.1', 'Content-Type': 'application/json;charset=UTF-8', 'Transfer-Encoding': 'chunked', 'Date': 'Mon, 21 Oct 2019 12:30:33 GMT'} - handle_request.py - 67
2019-10-21 20:30:33,938 - [DEBUG] [message] 测试投资人密码大于18位, 执行结果为:Pass - test_05_invest.py - 67
2019-10-21 20:30:34,980 - [INFO] [message] 请求url: http://test.lemonban.com:8080/futureloan/mvc/api/member/bidLoan, 请求参数: {'memberId': '175876', 'password': '123456', 'loanId': '115076', 'amount': '1009'}, 请求头: {'User-Agent': 'python-requests/2.21.0', 'Accept-Encoding': 'gzip, deflate', 'Accept': '*/*', 'Connection': 'keep-alive'} - handle_request.py - 66
2019-10-21 20:30:34,981 - [INFO] [message] 响应状态码: 200, 响应结果: {"status":0,"code":"11007","data":null,"msg":"参数错误，投资金额必须是能被100整除的正整数"}, 请求头: {'Server': 'Apache-Coyote/1.1', 'Content-Type': 'application/json;charset=UTF-8', 'Transfer-Encoding': 'chunked', 'Date': 'Mon, 21 Oct 2019 12:30:34 GMT'} - handle_request.py - 67
2019-10-21 20:30:35,150 - [DEBUG] [message] 测试投资金额不能被100整除, 执行结果为:Pass - test_05_invest.py - 67
2019-10-21 20:30:35,229 - [INFO] [message] 请求url: http://test.lemonban.com:8080/futureloan/mvc/api/member/bidLoan, 请求参数: {'memberId': '${invest_id_not_exists}', 'password': '123456', 'loanId': '115076', 'amount': '1000'}, 请求头: {'User-Agent': 'python-requests/2.21.0', 'Accept-Encoding': 'gzip, deflate', 'Accept': '*/*', 'Connection': 'keep-alive'} - handle_request.py - 66
2019-10-21 20:30:35,229 - [INFO] [message] 响应状态码: 200, 响应结果: {"status":0,"code":"11013","data":null,"msg":"请根据数值参数的类型对应输入合法的数字"}, 请求头: {'Server': 'Apache-Coyote/1.1', 'Content-Type': 'application/json;charset=UTF-8', 'Transfer-Encoding': 'chunked', 'Date': 'Mon, 21 Oct 2019 12:30:34 GMT'} - handle_request.py - 67
2019-10-21 20:30:35,391 - [ERROR] [message] 测试投资人id不存在, 执行结果为:Fail, 异常结果为:'11008' not found in '{"status":0,"code":"11013","data":null,"msg":"请根据数值参数的类型对应输入合法的数字"}' : 测试投资人id不存在 - test_05_invest.py - 71
2019-10-21 20:30:35,490 - [INFO] [message] 请求url: http://test.lemonban.com:8080/futureloan/mvc/api/member/bidLoan, 请求参数: {'memberId': '175876', 'password': '123456', 'loanId': '125076', 'amount': '1000'}, 请求头: {'User-Agent': 'python-requests/2.21.0', 'Accept-Encoding': 'gzip, deflate', 'Accept': '*/*', 'Connection': 'keep-alive'} - handle_request.py - 66
2019-10-21 20:30:35,490 - [INFO] [message] 响应状态码: 200, 响应结果: {"status":0,"code":"11009","data":null,"msg":"不存在该标的"}, 请求头: {'Server': 'Apache-Coyote/1.1', 'Content-Type': 'application/json;charset=UTF-8', 'Transfer-Encoding': 'chunked', 'Date': 'Mon, 21 Oct 2019 12:30:34 GMT'} - handle_request.py - 67
2019-10-21 20:30:35,632 - [DEBUG] [message] 测试标id不存在, 执行结果为:Pass - test_05_invest.py - 67
2019-10-21 20:30:35,633 - [DEBUG] [message] 
==================结束测试================== - test_05_invest.py - 36
2019-10-21 20:33:44,696 - [DEBUG] [message] 
=================开始执行测试================= - test_05_invest.py - 31
2019-10-21 20:33:44,852 - [INFO] [message] 请求url: http://test.lemonban.com:8080/futureloan/mvc/api/member/login, 请求参数: {'mobilephone': '18976490258', 'pwd': '123456'}, 请求头: {'User-Agent': 'python-requests/2.21.0', 'Accept-Encoding': 'gzip, deflate', 'Accept': '*/*', 'Connection': 'keep-alive'} - handle_request.py - 66
2019-10-21 20:33:44,852 - [INFO] [message] 响应状态码: 200, 响应结果: {"status":1,"code":"10001","data":null,"msg":"登录成功"}, 请求头: {'Server': 'Apache-Coyote/1.1', 'Set-Cookie': 'JSESSIONID=24F56B3B59C98368AD1092BE1B9A05CB; Path=/futureloan, rememberMe=deleteMe; Path=/futureloan; Max-Age=0; Expires=Sun, 20-Oct-2019 12:33:44 GMT', 'Content-Type': 'application/json;charset=UTF-8', 'Transfer-Encoding': 'chunked', 'Date': 'Mon, 21 Oct 2019 12:33:44 GMT'} - handle_request.py - 67
2019-10-21 20:33:44,995 - [DEBUG] [message] 测试管理员正常登录, 执行结果为:Pass - test_05_invest.py - 67
2019-10-21 20:33:45,223 - [INFO] [message] 请求url: http://test.lemonban.com:8080/futureloan/mvc/api/loan/add, 请求参数: {'memberId': '175877', 'title': '上海买房', 'amount': 100000, 'loanRate': 18.0, 'loanTerm': 4, 'loanDateType': 0, 'repaymemtWay': 4, 'biddingDays': 10}, 请求头: {'User-Agent': 'python-requests/2.21.0', 'Accept-Encoding': 'gzip, deflate', 'Accept': '*/*', 'Connection': 'keep-alive'} - handle_request.py - 66
2019-10-21 20:33:45,223 - [INFO] [message] 响应状态码: 200, 响应结果: {"status":1,"code":"10001","data":null,"msg":"加标成功"}, 请求头: {'Server': 'Apache-Coyote/1.1', 'Content-Type': 'application/json;charset=UTF-8', 'Transfer-Encoding': 'chunked', 'Date': 'Mon, 21 Oct 2019 12:33:44 GMT'} - handle_request.py - 67
2019-10-21 20:33:45,354 - [DEBUG] [message] 测试管理员加标, 执行结果为:Pass - test_05_invest.py - 67
2019-10-21 20:33:45,425 - [INFO] [message] 请求url: http://test.lemonban.com:8080/futureloan/mvc/api/loan/audit, 请求参数: {'id': '115077', 'status': '4'}, 请求头: {'User-Agent': 'python-requests/2.21.0', 'Accept-Encoding': 'gzip, deflate', 'Accept': '*/*', 'Connection': 'keep-alive'} - handle_request.py - 66
2019-10-21 20:33:45,425 - [INFO] [message] 响应状态码: 200, 响应结果: {"status":1,"code":"10001","data":null,"msg":"更新状态成功：竞标开始，当前标为竞标中状态"}, 请求头: {'Server': 'Apache-Coyote/1.1', 'Content-Type': 'application/json;charset=UTF-8', 'Transfer-Encoding': 'chunked', 'Date': 'Mon, 21 Oct 2019 12:33:44 GMT'} - handle_request.py - 67
2019-10-21 20:33:45,555 - [DEBUG] [message] 测试管理员审核, 执行结果为:Pass - test_05_invest.py - 67
2019-10-21 20:33:45,694 - [INFO] [message] 请求url: http://test.lemonban.com:8080/futureloan/mvc/api/member/login, 请求参数: {'mobilephone': '18929186740', 'pwd': '123456'}, 请求头: {'User-Agent': 'python-requests/2.21.0', 'Accept-Encoding': 'gzip, deflate', 'Accept': '*/*', 'Connection': 'keep-alive'} - handle_request.py - 66
2019-10-21 20:33:45,694 - [INFO] [message] 响应状态码: 200, 响应结果: {"status":1,"code":"10001","data":null,"msg":"登录成功"}, 请求头: {'Server': 'Apache-Coyote/1.1', 'Set-Cookie': 'rememberMe=deleteMe; Path=/futureloan; Max-Age=0; Expires=Sun, 20-Oct-2019 12:33:45 GMT', 'Content-Type': 'application/json;charset=UTF-8', 'Transfer-Encoding': 'chunked', 'Date': 'Mon, 21 Oct 2019 12:33:44 GMT'} - handle_request.py - 67
2019-10-21 20:33:45,829 - [DEBUG] [message] 测试投资人正常登录, 执行结果为:Pass - test_05_invest.py - 67
2019-10-21 20:33:45,920 - [INFO] [message] 请求url: http://test.lemonban.com:8080/futureloan/mvc/api/member/bidLoan, 请求参数: {'memberId': '175876', 'password': '123456', 'loanId': '115077', 'amount': '1000'}, 请求头: {'User-Agent': 'python-requests/2.21.0', 'Accept-Encoding': 'gzip, deflate', 'Accept': '*/*', 'Connection': 'keep-alive'} - handle_request.py - 66
2019-10-21 20:33:45,920 - [INFO] [message] 响应状态码: 200, 响应结果: {"status":1,"code":"10001","data":null,"msg":"竞标成功"}, 请求头: {'Server': 'Apache-Coyote/1.1', 'Content-Type': 'application/json;charset=UTF-8', 'Transfer-Encoding': 'chunked', 'Date': 'Mon, 21 Oct 2019 12:33:45 GMT'} - handle_request.py - 67
2019-10-21 20:33:46,073 - [DEBUG] [message] 测试投资人正常投资, 执行结果为:Pass - test_05_invest.py - 67
2019-10-21 20:33:46,147 - [INFO] [message] 请求url: http://test.lemonban.com:8080/futureloan/mvc/api/member/bidLoan, 请求参数: {'memberId': '', 'password': '123456', 'loanId': '115077', 'amount': '1000'}, 请求头: {'User-Agent': 'python-requests/2.21.0', 'Accept-Encoding': 'gzip, deflate', 'Accept': '*/*', 'Connection': 'keep-alive'} - handle_request.py - 66
2019-10-21 20:33:46,147 - [INFO] [message] 响应状态码: 200, 响应结果: {"status":0,"code":"11003","data":null,"msg":"参数错误:所有参数都不能为空"}, 请求头: {'Server': 'Apache-Coyote/1.1', 'Content-Type': 'application/json;charset=UTF-8', 'Transfer-Encoding': 'chunked', 'Date': 'Mon, 21 Oct 2019 12:33:45 GMT'} - handle_request.py - 67
2019-10-21 20:33:46,292 - [DEBUG] [message] 测试投资人id为空, 执行结果为:Pass - test_05_invest.py - 67
2019-10-21 20:33:46,366 - [INFO] [message] 请求url: http://test.lemonban.com:8080/futureloan/mvc/api/member/bidLoan, 请求参数: {'memberId': '175876', 'password': '', 'loanId': '115077', 'amount': '1000'}, 请求头: {'User-Agent': 'python-requests/2.21.0', 'Accept-Encoding': 'gzip, deflate', 'Accept': '*/*', 'Connection': 'keep-alive'} - handle_request.py - 66
2019-10-21 20:33:46,366 - [INFO] [message] 响应状态码: 200, 响应结果: {"status":0,"code":"11003","data":null,"msg":"参数错误:所有参数都不能为空"}, 请求头: {'Server': 'Apache-Coyote/1.1', 'Content-Type': 'application/json;charset=UTF-8', 'Transfer-Encoding': 'chunked', 'Date': 'Mon, 21 Oct 2019 12:33:45 GMT'} - handle_request.py - 67
2019-10-21 20:33:46,497 - [DEBUG] [message] 测试投资人密码为空, 执行结果为:Pass - test_05_invest.py - 67
2019-10-21 20:33:46,568 - [INFO] [message] 请求url: http://test.lemonban.com:8080/futureloan/mvc/api/member/bidLoan, 请求参数: {'memberId': '175876', 'password': '123456', 'loanId': '', 'amount': '1000'}, 请求头: {'User-Agent': 'python-requests/2.21.0', 'Accept-Encoding': 'gzip, deflate', 'Accept': '*/*', 'Connection': 'keep-alive'} - handle_request.py - 66
2019-10-21 20:33:46,568 - [INFO] [message] 响应状态码: 200, 响应结果: {"status":0,"code":"11003","data":null,"msg":"参数错误:所有参数都不能为空"}, 请求头: {'Server': 'Apache-Coyote/1.1', 'Content-Type': 'application/json;charset=UTF-8', 'Transfer-Encoding': 'chunked', 'Date': 'Mon, 21 Oct 2019 12:33:45 GMT'} - handle_request.py - 67
2019-10-21 20:33:46,698 - [DEBUG] [message] 测试标id为空, 执行结果为:Pass - test_05_invest.py - 67
2019-10-21 20:33:46,763 - [INFO] [message] 请求url: http://test.lemonban.com:8080/futureloan/mvc/api/member/bidLoan, 请求参数: {'memberId': '175876', 'password': '123456', 'loanId': '115077', 'amount': ''}, 请求头: {'User-Agent': 'python-requests/2.21.0', 'Accept-Encoding': 'gzip, deflate', 'Accept': '*/*', 'Connection': 'keep-alive'} - handle_request.py - 66
2019-10-21 20:33:46,763 - [INFO] [message] 响应状态码: 200, 响应结果: {"status":0,"code":"11003","data":null,"msg":"参数错误:所有参数都不能为空"}, 请求头: {'Server': 'Apache-Coyote/1.1', 'Content-Type': 'application/json;charset=UTF-8', 'Transfer-Encoding': 'chunked', 'Date': 'Mon, 21 Oct 2019 12:33:45 GMT'} - handle_request.py - 67
2019-10-21 20:33:46,897 - [DEBUG] [message] 测试投资金额为空, 执行结果为:Pass - test_05_invest.py - 67
2019-10-21 20:33:46,977 - [INFO] [message] 请求url: http://test.lemonban.com:8080/futureloan/mvc/api/member/bidLoan, 请求参数: {'memberId': '0', 'password': '123456', 'loanId': '115077', 'amount': '1000'}, 请求头: {'User-Agent': 'python-requests/2.21.0', 'Accept-Encoding': 'gzip, deflate', 'Accept': '*/*', 'Connection': 'keep-alive'} - handle_request.py - 66
2019-10-21 20:33:46,977 - [INFO] [message] 响应状态码: 200, 响应结果: {"status":0,"code":"11004","data":null,"msg":"参数错误，memberId必须是大于0的正整数"}, 请求头: {'Server': 'Apache-Coyote/1.1', 'Content-Type': 'application/json;charset=UTF-8', 'Transfer-Encoding': 'chunked', 'Date': 'Mon, 21 Oct 2019 12:33:46 GMT'} - handle_request.py - 67
2019-10-21 20:33:47,113 - [DEBUG] [message] 测试投资人id为0, 执行结果为:Pass - test_05_invest.py - 67
2019-10-21 20:33:47,180 - [INFO] [message] 请求url: http://test.lemonban.com:8080/futureloan/mvc/api/member/bidLoan, 请求参数: {'memberId': '175876', 'password': '123456', 'loanId': '0', 'amount': '1000'}, 请求头: {'User-Agent': 'python-requests/2.21.0', 'Accept-Encoding': 'gzip, deflate', 'Accept': '*/*', 'Connection': 'keep-alive'} - handle_request.py - 66
2019-10-21 20:33:47,180 - [INFO] [message] 响应状态码: 200, 响应结果: {"status":0,"code":"11009","data":null,"msg":"不存在该标的"}, 请求头: {'Server': 'Apache-Coyote/1.1', 'Content-Type': 'application/json;charset=UTF-8', 'Transfer-Encoding': 'chunked', 'Date': 'Mon, 21 Oct 2019 12:33:46 GMT'} - handle_request.py - 67
2019-10-21 20:33:47,318 - [DEBUG] [message] 测试标id为0, 执行结果为:Pass - test_05_invest.py - 67
2019-10-21 20:33:47,390 - [INFO] [message] 请求url: http://test.lemonban.com:8080/futureloan/mvc/api/member/bidLoan, 请求参数: {'memberId': '175876', 'password': '12312', 'loanId': '115077', 'amount': '1000'}, 请求头: {'User-Agent': 'python-requests/2.21.0', 'Accept-Encoding': 'gzip, deflate', 'Accept': '*/*', 'Connection': 'keep-alive'} - handle_request.py - 66
2019-10-21 20:33:47,390 - [INFO] [message] 响应状态码: 200, 响应结果: {"status":0,"code":"11006","data":null,"msg":"参数错误，password长度必须大于6位且小于18位"}, 请求头: {'Server': 'Apache-Coyote/1.1', 'Content-Type': 'application/json;charset=UTF-8', 'Transfer-Encoding': 'chunked', 'Date': 'Mon, 21 Oct 2019 12:33:46 GMT'} - handle_request.py - 67
2019-10-21 20:33:47,521 - [DEBUG] [message] 测试投资人密码小于6位, 执行结果为:Pass - test_05_invest.py - 67
2019-10-21 20:33:47,595 - [INFO] [message] 请求url: http://test.lemonban.com:8080/futureloan/mvc/api/member/bidLoan, 请求参数: {'memberId': '175876', 'password': '1234561234561234567', 'loanId': '115077', 'amount': '1000'}, 请求头: {'User-Agent': 'python-requests/2.21.0', 'Accept-Encoding': 'gzip, deflate', 'Accept': '*/*', 'Connection': 'keep-alive'} - handle_request.py - 66
2019-10-21 20:33:47,596 - [INFO] [message] 响应状态码: 200, 响应结果: {"status":0,"code":"11006","data":null,"msg":"参数错误，password长度必须大于6位且小于18位"}, 请求头: {'Server': 'Apache-Coyote/1.1', 'Content-Type': 'application/json;charset=UTF-8', 'Transfer-Encoding': 'chunked', 'Date': 'Mon, 21 Oct 2019 12:33:46 GMT'} - handle_request.py - 67
2019-10-21 20:33:47,726 - [DEBUG] [message] 测试投资人密码大于18位, 执行结果为:Pass - test_05_invest.py - 67
2019-10-21 20:33:47,792 - [INFO] [message] 请求url: http://test.lemonban.com:8080/futureloan/mvc/api/member/bidLoan, 请求参数: {'memberId': '175876', 'password': '123456', 'loanId': '115077', 'amount': '1009'}, 请求头: {'User-Agent': 'python-requests/2.21.0', 'Accept-Encoding': 'gzip, deflate', 'Accept': '*/*', 'Connection': 'keep-alive'} - handle_request.py - 66
2019-10-21 20:33:47,792 - [INFO] [message] 响应状态码: 200, 响应结果: {"status":0,"code":"11007","data":null,"msg":"参数错误，投资金额必须是能被100整除的正整数"}, 请求头: {'Server': 'Apache-Coyote/1.1', 'Content-Type': 'application/json;charset=UTF-8', 'Transfer-Encoding': 'chunked', 'Date': 'Mon, 21 Oct 2019 12:33:46 GMT'} - handle_request.py - 67
2019-10-21 20:33:47,927 - [DEBUG] [message] 测试投资金额不能被100整除, 执行结果为:Pass - test_05_invest.py - 67
2019-10-21 20:33:47,991 - [INFO] [message] 请求url: http://test.lemonban.com:8080/futureloan/mvc/api/member/bidLoan, 请求参数: {'memberId': '185876', 'password': '123456', 'loanId': '115077', 'amount': '1000'}, 请求头: {'User-Agent': 'python-requests/2.21.0', 'Accept-Encoding': 'gzip, deflate', 'Accept': '*/*', 'Connection': 'keep-alive'} - handle_request.py - 66
2019-10-21 20:33:47,992 - [INFO] [message] 响应状态码: 200, 响应结果: {"status":0,"code":"11008","data":null,"msg":"不存在该用户"}, 请求头: {'Server': 'Apache-Coyote/1.1', 'Content-Type': 'application/json;charset=UTF-8', 'Transfer-Encoding': 'chunked', 'Date': 'Mon, 21 Oct 2019 12:33:47 GMT'} - handle_request.py - 67
2019-10-21 20:33:48,149 - [DEBUG] [message] 测试投资人id不存在, 执行结果为:Pass - test_05_invest.py - 67
2019-10-21 20:33:48,228 - [INFO] [message] 请求url: http://test.lemonban.com:8080/futureloan/mvc/api/member/bidLoan, 请求参数: {'memberId': '175876', 'password': '123456', 'loanId': '125077', 'amount': '1000'}, 请求头: {'User-Agent': 'python-requests/2.21.0', 'Accept-Encoding': 'gzip, deflate', 'Accept': '*/*', 'Connection': 'keep-alive'} - handle_request.py - 66
2019-10-21 20:33:48,228 - [INFO] [message] 响应状态码: 200, 响应结果: {"status":0,"code":"11009","data":null,"msg":"不存在该标的"}, 请求头: {'Server': 'Apache-Coyote/1.1', 'Content-Type': 'application/json;charset=UTF-8', 'Transfer-Encoding': 'chunked', 'Date': 'Mon, 21 Oct 2019 12:33:47 GMT'} - handle_request.py - 67
2019-10-21 20:33:48,377 - [DEBUG] [message] 测试标id不存在, 执行结果为:Pass - test_05_invest.py - 67
2019-10-21 20:33:48,377 - [DEBUG] [message] 
==================结束测试================== - test_05_invest.py - 36
2019-10-21 20:35:03,353 - [DEBUG] [message] 
=================开始执行测试================= - test_01_register.py - 28
2019-10-21 20:35:03,743 - [INFO] [message] 请求url: http://test.lemonban.com:8080/futureloan/mvc/api/member/register, 请求参数: {'mobilephone': '18979812456', 'pwd': '123456'}, 请求头: {'User-Agent': 'python-requests/2.21.0', 'Accept-Encoding': 'gzip, deflate', 'Accept': '*/*', 'Connection': 'keep-alive'} - handle_request.py - 66
2019-10-21 20:35:03,743 - [INFO] [message] 响应状态码: 200, 响应结果: {"status":1,"code":"10001","data":null,"msg":"注册成功"}, 请求头: {'Server': 'Apache-Coyote/1.1', 'Content-Type': 'application/json;charset=UTF-8', 'Transfer-Encoding': 'chunked', 'Date': 'Mon, 21 Oct 2019 12:35:03 GMT'} - handle_request.py - 67
2019-10-21 20:35:03,934 - [DEBUG] [message] 测试成功注册-无昵称, 执行结果为:Pass - test_01_register.py - 57
2019-10-21 20:35:04,351 - [INFO] [message] 请求url: http://test.lemonban.com:8080/futureloan/mvc/api/member/register, 请求参数: {'mobilephone': '18929571468', 'pwd': '123456', 'regname': 'davis'}, 请求头: {'User-Agent': 'python-requests/2.21.0', 'Accept-Encoding': 'gzip, deflate', 'Accept': '*/*', 'Connection': 'keep-alive'} - handle_request.py - 66
2019-10-21 20:35:04,352 - [INFO] [message] 响应状态码: 200, 响应结果: {"status":1,"code":"10001","data":null,"msg":"注册成功"}, 请求头: {'Server': 'Apache-Coyote/1.1', 'Content-Type': 'application/json;charset=UTF-8', 'Transfer-Encoding': 'chunked', 'Date': 'Mon, 21 Oct 2019 12:35:03 GMT'} - handle_request.py - 67
2019-10-21 20:35:04,515 - [DEBUG] [message] 测试成功注册-有昵称, 执行结果为:Pass - test_01_register.py - 57
2019-10-21 20:35:04,817 - [INFO] [message] 请求url: http://test.lemonban.com:8080/futureloan/mvc/api/member/register, 请求参数: {'mobilephone': '18932568407', 'pwd': ''}, 请求头: {'User-Agent': 'python-requests/2.21.0', 'Accept-Encoding': 'gzip, deflate', 'Accept': '*/*', 'Connection': 'keep-alive'} - handle_request.py - 66
2019-10-21 20:35:04,817 - [INFO] [message] 响应状态码: 200, 响应结果: {"status":0,"code":"20103","data":null,"msg":"密码不能为空"}, 请求头: {'Server': 'Apache-Coyote/1.1', 'Content-Type': 'application/json;charset=UTF-8', 'Transfer-Encoding': 'chunked', 'Date': 'Mon, 21 Oct 2019 12:35:04 GMT'} - handle_request.py - 67
2019-10-21 20:35:04,962 - [DEBUG] [message] 测试密码为空, 执行结果为:Pass - test_01_register.py - 57
2019-10-21 20:35:05,045 - [INFO] [message] 请求url: http://test.lemonban.com:8080/futureloan/mvc/api/member/register, 请求参数: {'mobilephone': '', 'pwd': '123123', 'regname': 'davis'}, 请求头: {'User-Agent': 'python-requests/2.21.0', 'Accept-Encoding': 'gzip, deflate', 'Accept': '*/*', 'Connection': 'keep-alive'} - handle_request.py - 66
2019-10-21 20:35:05,046 - [INFO] [message] 响应状态码: 200, 响应结果: {"status":0,"code":"20103","data":null,"msg":"手机号不能为空"}, 请求头: {'Server': 'Apache-Coyote/1.1', 'Content-Type': 'application/json;charset=UTF-8', 'Transfer-Encoding': 'chunked', 'Date': 'Mon, 21 Oct 2019 12:35:04 GMT'} - handle_request.py - 67
2019-10-21 20:35:05,204 - [DEBUG] [message] 测试手机号为空, 执行结果为:Pass - test_01_register.py - 57
2019-10-21 20:35:05,273 - [INFO] [message] 请求url: http://test.lemonban.com:8080/futureloan/mvc/api/member/register, 请求参数: {'mobilephone': '1752100', 'pwd': '1234511', 'regname': 'davis'}, 请求头: {'User-Agent': 'python-requests/2.21.0', 'Accept-Encoding': 'gzip, deflate', 'Accept': '*/*', 'Connection': 'keep-alive'} - handle_request.py - 66
2019-10-21 20:35:05,273 - [INFO] [message] 响应状态码: 200, 响应结果: {"status":0,"code":"20109","data":null,"msg":"手机号码格式不正确"}, 请求头: {'Server': 'Apache-Coyote/1.1', 'Content-Type': 'application/json;charset=UTF-8', 'Transfer-Encoding': 'chunked', 'Date': 'Mon, 21 Oct 2019 12:35:04 GMT'} - handle_request.py - 67
2019-10-21 20:35:05,430 - [DEBUG] [message] 测试手机号-不足11位, 执行结果为:Pass - test_01_register.py - 57
2019-10-21 20:35:05,509 - [INFO] [message] 请求url: http://test.lemonban.com:8080/futureloan/mvc/api/member/register, 请求参数: {'mobilephone': '175210050581', 'pwd': '1234511', 'regname': 'davis'}, 请求头: {'User-Agent': 'python-requests/2.21.0', 'Accept-Encoding': 'gzip, deflate', 'Accept': '*/*', 'Connection': 'keep-alive'} - handle_request.py - 66
2019-10-21 20:35:05,509 - [INFO] [message] 响应状态码: 200, 响应结果: {"status":0,"code":"20109","data":null,"msg":"手机号码格式不正确"}, 请求头: {'Server': 'Apache-Coyote/1.1', 'Content-Type': 'application/json;charset=UTF-8', 'Transfer-Encoding': 'chunked', 'Date': 'Mon, 21 Oct 2019 12:35:04 GMT'} - handle_request.py - 67
2019-10-21 20:35:05,668 - [DEBUG] [message] 测试手机号-超过11位, 执行结果为:Pass - test_01_register.py - 57
2019-10-21 20:35:06,019 - [INFO] [message] 请求url: http://test.lemonban.com:8080/futureloan/mvc/api/member/register, 请求参数: {'mobilephone': '13865024819', 'pwd': '1234', 'regname': 'davis'}, 请求头: {'User-Agent': 'python-requests/2.21.0', 'Accept-Encoding': 'gzip, deflate', 'Accept': '*/*', 'Connection': 'keep-alive'} - handle_request.py - 66
2019-10-21 20:35:06,019 - [INFO] [message] 响应状态码: 200, 响应结果: {"status":0,"code":"20108","data":null,"msg":"密码长度必须为6~18"}, 请求头: {'Server': 'Apache-Coyote/1.1', 'Content-Type': 'application/json;charset=UTF-8', 'Transfer-Encoding': 'chunked', 'Date': 'Mon, 21 Oct 2019 12:35:06 GMT'} - handle_request.py - 67
2019-10-21 20:35:06,163 - [DEBUG] [message] 测试密码-少于6位, 执行结果为:Pass - test_01_register.py - 57
2019-10-21 20:35:06,497 - [INFO] [message] 请求url: http://test.lemonban.com:8080/futureloan/mvc/api/member/register, 请求参数: {'mobilephone': '18928741305', 'pwd': '11234111122223444456', 'regname': 'davis'}, 请求头: {'User-Agent': 'python-requests/2.21.0', 'Accept-Encoding': 'gzip, deflate', 'Accept': '*/*', 'Connection': 'keep-alive'} - handle_request.py - 66
2019-10-21 20:35:06,498 - [INFO] [message] 响应状态码: 200, 响应结果: {"status":0,"code":"20108","data":null,"msg":"密码长度必须为6~18"}, 请求头: {'Server': 'Apache-Coyote/1.1', 'Content-Type': 'application/json;charset=UTF-8', 'Transfer-Encoding': 'chunked', 'Date': 'Mon, 21 Oct 2019 12:35:06 GMT'} - handle_request.py - 67
2019-10-21 20:35:06,645 - [DEBUG] [message] 测试密码-多于18位, 执行结果为:Pass - test_01_register.py - 57
2019-10-21 20:35:06,993 - [INFO] [message] 请求url: http://test.lemonban.com:8080/futureloan/mvc/api/member/register, 请求参数: {'mobilephone': '18330372028', 'pwd': '123456', 'regname': 'davis'}, 请求头: {'User-Agent': 'python-requests/2.21.0', 'Accept-Encoding': 'gzip, deflate', 'Accept': '*/*', 'Connection': 'keep-alive'} - handle_request.py - 66
2019-10-21 20:35:06,993 - [INFO] [message] 响应状态码: 200, 响应结果: {"status":0,"code":"20110","data":null,"msg":"手机号码已被注册"}, 请求头: {'Server': 'Apache-Coyote/1.1', 'Content-Type': 'application/json;charset=UTF-8', 'Transfer-Encoding': 'chunked', 'Date': 'Mon, 21 Oct 2019 12:35:06 GMT'} - handle_request.py - 67
2019-10-21 20:35:07,138 - [DEBUG] [message] 测试手机号已注册, 执行结果为:Pass - test_01_register.py - 57
2019-10-21 20:35:07,138 - [DEBUG] [message] 
==================结束测试================== - test_01_register.py - 33
2019-10-21 20:35:07,138 - [DEBUG] [message] 
=================开始执行测试================= - test_02_login.py - 28
2019-10-21 20:35:07,272 - [INFO] [message] 请求url: http://test.lemonban.com:8080/futureloan/mvc/api/member/login, 请求参数: {'mobilephone': '18929186740', 'pwd': '123456'}, 请求头: {'User-Agent': 'python-requests/2.21.0', 'Accept-Encoding': 'gzip, deflate', 'Accept': '*/*', 'Connection': 'keep-alive'} - handle_request.py - 66
2019-10-21 20:35:07,272 - [INFO] [message] 响应状态码: 200, 响应结果: {"status":1,"code":"10001","data":null,"msg":"登录成功"}, 请求头: {'Server': 'Apache-Coyote/1.1', 'Set-Cookie': 'JSESSIONID=0182A6E458398153703E04035B477665; Path=/futureloan, rememberMe=deleteMe; Path=/futureloan; Max-Age=0; Expires=Sun, 20-Oct-2019 12:35:07 GMT', 'Content-Type': 'application/json;charset=UTF-8', 'Transfer-Encoding': 'chunked', 'Date': 'Mon, 21 Oct 2019 12:35:07 GMT'} - handle_request.py - 67
2019-10-21 20:35:07,435 - [DEBUG] [message] 测试正确的手机号和密码登录, 执行结果为:Pass - test_02_login.py - 57
2019-10-21 20:35:07,573 - [INFO] [message] 请求url: http://test.lemonban.com:8080/futureloan/mvc/api/member/login, 请求参数: {'mobilephone': '17800801111', 'pwd': '123856'}, 请求头: {'User-Agent': 'python-requests/2.21.0', 'Accept-Encoding': 'gzip, deflate', 'Accept': '*/*', 'Connection': 'keep-alive'} - handle_request.py - 66
2019-10-21 20:35:07,573 - [INFO] [message] 响应状态码: 200, 响应结果: {"status":0,"code":"20111","data":null,"msg":"用户名或密码错误"}, 请求头: {'Server': 'Apache-Coyote/1.1', 'Set-Cookie': 'rememberMe=deleteMe; Path=/futureloan; Max-Age=0; Expires=Sun, 20-Oct-2019 12:35:07 GMT', 'Content-Type': 'application/json;charset=UTF-8', 'Transfer-Encoding': 'chunked', 'Date': 'Mon, 21 Oct 2019 12:35:07 GMT'} - handle_request.py - 67
2019-10-21 20:35:07,733 - [DEBUG] [message] 测试错误的手机号和密码, 执行结果为:Pass - test_02_login.py - 57
2019-10-21 20:35:07,812 - [INFO] [message] 请求url: http://test.lemonban.com:8080/futureloan/mvc/api/member/login, 请求参数: {'mobilephone': '', 'pwd': '123456'}, 请求头: {'User-Agent': 'python-requests/2.21.0', 'Accept-Encoding': 'gzip, deflate', 'Accept': '*/*', 'Connection': 'keep-alive'} - handle_request.py - 66
2019-10-21 20:35:07,813 - [INFO] [message] 响应状态码: 200, 响应结果: {"status":0,"code":"20103","data":null,"msg":"手机号不能为空"}, 请求头: {'Server': 'Apache-Coyote/1.1', 'Content-Type': 'application/json;charset=UTF-8', 'Transfer-Encoding': 'chunked', 'Date': 'Mon, 21 Oct 2019 12:35:07 GMT'} - handle_request.py - 67
2019-10-21 20:35:07,976 - [DEBUG] [message] 测试手机号为空, 执行结果为:Pass - test_02_login.py - 57
2019-10-21 20:35:08,073 - [INFO] [message] 请求url: http://test.lemonban.com:8080/futureloan/mvc/api/member/login, 请求参数: {'mobilephone': '17800001111', 'pwd': ''}, 请求头: {'User-Agent': 'python-requests/2.21.0', 'Accept-Encoding': 'gzip, deflate', 'Accept': '*/*', 'Connection': 'keep-alive'} - handle_request.py - 66
2019-10-21 20:35:08,073 - [INFO] [message] 响应状态码: 200, 响应结果: {"status":0,"code":"20103","data":null,"msg":"密码不能为空"}, 请求头: {'Server': 'Apache-Coyote/1.1', 'Content-Type': 'application/json;charset=UTF-8', 'Transfer-Encoding': 'chunked', 'Date': 'Mon, 21 Oct 2019 12:35:07 GMT'} - handle_request.py - 67
2019-10-21 20:35:08,264 - [DEBUG] [message] 测试密码为空, 执行结果为:Pass - test_02_login.py - 57
2019-10-21 20:35:08,425 - [INFO] [message] 请求url: http://test.lemonban.com:8080/futureloan/mvc/api/member/login, 请求参数: {'mobilephone': '17800001111', 'pwd': '123456777'}, 请求头: {'User-Agent': 'python-requests/2.21.0', 'Accept-Encoding': 'gzip, deflate', 'Accept': '*/*', 'Connection': 'keep-alive'} - handle_request.py - 66
2019-10-21 20:35:08,425 - [INFO] [message] 响应状态码: 200, 响应结果: {"status":0,"code":"20111","data":null,"msg":"用户名或密码错误"}, 请求头: {'Server': 'Apache-Coyote/1.1', 'Set-Cookie': 'rememberMe=deleteMe; Path=/futureloan; Max-Age=0; Expires=Sun, 20-Oct-2019 12:35:08 GMT', 'Content-Type': 'application/json;charset=UTF-8', 'Transfer-Encoding': 'chunked', 'Date': 'Mon, 21 Oct 2019 12:35:08 GMT'} - handle_request.py - 67
2019-10-21 20:35:08,586 - [DEBUG] [message] 测试正确的手机号和错误的密码, 执行结果为:Pass - test_02_login.py - 57
2019-10-21 20:35:08,725 - [INFO] [message] 请求url: http://test.lemonban.com:8080/futureloan/mvc/api/member/login, 请求参数: {'mobilephone': '178000011211', 'pwd': '123456'}, 请求头: {'User-Agent': 'python-requests/2.21.0', 'Accept-Encoding': 'gzip, deflate', 'Accept': '*/*', 'Connection': 'keep-alive'} - handle_request.py - 66
2019-10-21 20:35:08,725 - [INFO] [message] 响应状态码: 200, 响应结果: {"status":0,"code":"20111","data":null,"msg":"用户名或密码错误"}, 请求头: {'Server': 'Apache-Coyote/1.1', 'Set-Cookie': 'rememberMe=deleteMe; Path=/futureloan; Max-Age=0; Expires=Sun, 20-Oct-2019 12:35:08 GMT', 'Content-Type': 'application/json;charset=UTF-8', 'Transfer-Encoding': 'chunked', 'Date': 'Mon, 21 Oct 2019 12:35:08 GMT'} - handle_request.py - 67
2019-10-21 20:35:08,887 - [DEBUG] [message] 测试错误的手机号和正确的密码, 执行结果为:Pass - test_02_login.py - 57
2019-10-21 20:35:08,887 - [DEBUG] [message] 
==================结束测试================== - test_02_login.py - 33
2019-10-21 20:35:09,022 - [DEBUG] [message] 
=================开始执行测试================= - test_03_recharge.py - 31
2019-10-21 20:35:09,169 - [INFO] [message] 请求url: http://test.lemonban.com:8080/futureloan/mvc/api/member/login, 请求参数: {'mobilephone': '18929186740', 'pwd': '123456'}, 请求头: {'User-Agent': 'python-requests/2.21.0', 'Accept-Encoding': 'gzip, deflate', 'Accept': '*/*', 'Connection': 'keep-alive'} - handle_request.py - 66
2019-10-21 20:35:09,169 - [INFO] [message] 响应状态码: 200, 响应结果: {"status":1,"code":"10001","data":null,"msg":"登录成功"}, 请求头: {'Server': 'Apache-Coyote/1.1', 'Set-Cookie': 'JSESSIONID=5642832C0B5E2ED25DF5F06CBFA9D6D2; Path=/futureloan, rememberMe=deleteMe; Path=/futureloan; Max-Age=0; Expires=Sun, 20-Oct-2019 12:35:09 GMT', 'Content-Type': 'application/json;charset=UTF-8', 'Transfer-Encoding': 'chunked', 'Date': 'Mon, 21 Oct 2019 12:35:08 GMT'} - handle_request.py - 67
2019-10-21 20:35:09,317 - [DEBUG] [message] 测试投资人登录, 执行结果为:Pass - test_03_recharge.py - 78
2019-10-21 20:35:09,755 - [INFO] [message] 请求url: http://test.lemonban.com:8080/futureloan/mvc/api/member/recharge, 请求参数: {'mobilephone': '18929186740', 'amount': 10000}, 请求头: {'User-Agent': 'python-requests/2.21.0', 'Accept-Encoding': 'gzip, deflate', 'Accept': '*/*', 'Connection': 'keep-alive'} - handle_request.py - 66
2019-10-21 20:35:09,755 - [INFO] [message] 响应状态码: 200, 响应结果: {"status":1,"code":"10001","data":{"id":175876,"regname":"invest_user","pwd":"E10ADC3949BA59ABBE56E057F20F883E","mobilephone":"18929186740","leaveamount":"1542003.81","type":"1","regtime":"2019-10-20 20:51:07.0"},"msg":"充值成功"}, 请求头: {'Server': 'Apache-Coyote/1.1', 'Content-Type': 'application/json;charset=UTF-8', 'Transfer-Encoding': 'chunked', 'Date': 'Mon, 21 Oct 2019 12:35:09 GMT'} - handle_request.py - 67
2019-10-21 20:35:10,023 - [DEBUG] [message] 测试充值成功-整数, 执行结果为:Pass - test_03_recharge.py - 78
2019-10-21 20:35:10,462 - [INFO] [message] 请求url: http://test.lemonban.com:8080/futureloan/mvc/api/member/recharge, 请求参数: {'mobilephone': '18929186740', 'amount': 1000.5}, 请求头: {'User-Agent': 'python-requests/2.21.0', 'Accept-Encoding': 'gzip, deflate', 'Accept': '*/*', 'Connection': 'keep-alive'} - handle_request.py - 66
2019-10-21 20:35:10,462 - [INFO] [message] 响应状态码: 200, 响应结果: {"status":1,"code":"10001","data":{"id":175876,"regname":"invest_user","pwd":"E10ADC3949BA59ABBE56E057F20F883E","mobilephone":"18929186740","leaveamount":"1543004.31","type":"1","regtime":"2019-10-20 20:51:07.0"},"msg":"充值成功"}, 请求头: {'Server': 'Apache-Coyote/1.1', 'Content-Type': 'application/json;charset=UTF-8', 'Transfer-Encoding': 'chunked', 'Date': 'Mon, 21 Oct 2019 12:35:09 GMT'} - handle_request.py - 67
2019-10-21 20:35:10,729 - [DEBUG] [message] 测试充值成功-1位小数, 执行结果为:Pass - test_03_recharge.py - 78
2019-10-21 20:35:11,191 - [INFO] [message] 请求url: http://test.lemonban.com:8080/futureloan/mvc/api/member/recharge, 请求参数: {'mobilephone': '18929186740', 'amount': 1000.77}, 请求头: {'User-Agent': 'python-requests/2.21.0', 'Accept-Encoding': 'gzip, deflate', 'Accept': '*/*', 'Connection': 'keep-alive'} - handle_request.py - 66
2019-10-21 20:35:11,191 - [INFO] [message] 响应状态码: 200, 响应结果: {"status":1,"code":"10001","data":{"id":175876,"regname":"invest_user","pwd":"E10ADC3949BA59ABBE56E057F20F883E","mobilephone":"18929186740","leaveamount":"1544005.08","type":"1","regtime":"2019-10-20 20:51:07.0"},"msg":"充值成功"}, 请求头: {'Server': 'Apache-Coyote/1.1', 'Content-Type': 'application/json;charset=UTF-8', 'Transfer-Encoding': 'chunked', 'Date': 'Mon, 21 Oct 2019 12:35:11 GMT'} - handle_request.py - 67
2019-10-21 20:35:11,444 - [DEBUG] [message] 测试充值成功-2位小数, 执行结果为:Pass - test_03_recharge.py - 78
2019-10-21 20:35:12,029 - [INFO] [message] 请求url: http://test.lemonban.com:8080/futureloan/mvc/api/member/recharge, 请求参数: {'mobilephone': '18929186740', 'amount': 500000}, 请求头: {'User-Agent': 'python-requests/2.21.0', 'Accept-Encoding': 'gzip, deflate', 'Accept': '*/*', 'Connection': 'keep-alive'} - handle_request.py - 66
2019-10-21 20:35:12,030 - [INFO] [message] 响应状态码: 200, 响应结果: {"status":1,"code":"10001","data":{"id":175876,"regname":"invest_user","pwd":"E10ADC3949BA59ABBE56E057F20F883E","mobilephone":"18929186740","leaveamount":"2044005.08","type":"1","regtime":"2019-10-20 20:51:07.0"},"msg":"充值成功"}, 请求头: {'Server': 'Apache-Coyote/1.1', 'Content-Type': 'application/json;charset=UTF-8', 'Transfer-Encoding': 'chunked', 'Date': 'Mon, 21 Oct 2019 12:35:11 GMT'} - handle_request.py - 67
2019-10-21 20:35:12,291 - [DEBUG] [message] 测试充值成功-50万, 执行结果为:Pass - test_03_recharge.py - 78
2019-10-21 20:35:12,380 - [INFO] [message] 请求url: http://test.lemonban.com:8080/futureloan/mvc/api/member/recharge, 请求参数: {'mobilephone': '', 'amount': 10000}, 请求头: {'User-Agent': 'python-requests/2.21.0', 'Accept-Encoding': 'gzip, deflate', 'Accept': '*/*', 'Connection': 'keep-alive'} - handle_request.py - 66
2019-10-21 20:35:12,380 - [INFO] [message] 响应状态码: 200, 响应结果: {"status":0,"code":"20103","data":null,"msg":"手机号不能为空"}, 请求头: {'Server': 'Apache-Coyote/1.1', 'Content-Type': 'application/json;charset=UTF-8', 'Transfer-Encoding': 'chunked', 'Date': 'Mon, 21 Oct 2019 12:35:12 GMT'} - handle_request.py - 67
2019-10-21 20:35:12,543 - [DEBUG] [message] 测试手机号为空, 执行结果为:Pass - test_03_recharge.py - 78
2019-10-21 20:35:12,615 - [INFO] [message] 请求url: http://test.lemonban.com:8080/futureloan/mvc/api/member/recharge, 请求参数: {'mobilephone': '18929186740', 'amount': ''}, 请求头: {'User-Agent': 'python-requests/2.21.0', 'Accept-Encoding': 'gzip, deflate', 'Accept': '*/*', 'Connection': 'keep-alive'} - handle_request.py - 66
2019-10-21 20:35:12,616 - [INFO] [message] 响应状态码: 200, 响应结果: {"status":0,"code":"20115","data":null,"msg":"请输入金额"}, 请求头: {'Server': 'Apache-Coyote/1.1', 'Content-Type': 'application/json;charset=UTF-8', 'Transfer-Encoding': 'chunked', 'Date': 'Mon, 21 Oct 2019 12:35:12 GMT'} - handle_request.py - 67
2019-10-21 20:35:12,778 - [DEBUG] [message] 测试充值金额为空, 执行结果为:Pass - test_03_recharge.py - 78
2019-10-21 20:35:13,176 - [INFO] [message] 请求url: http://test.lemonban.com:8080/futureloan/mvc/api/member/recharge, 请求参数: {'mobilephone': '13391483057', 'amount': 50000}, 请求头: {'User-Agent': 'python-requests/2.21.0', 'Accept-Encoding': 'gzip, deflate', 'Accept': '*/*', 'Connection': 'keep-alive'} - handle_request.py - 66
2019-10-21 20:35:13,176 - [INFO] [message] 响应状态码: 200, 响应结果: {"status":0,"code":"20104","data":null,"msg":"此手机号对应的会员不存在"}, 请求头: {'Server': 'Apache-Coyote/1.1', 'Content-Type': 'application/json;charset=UTF-8', 'Transfer-Encoding': 'chunked', 'Date': 'Mon, 21 Oct 2019 12:35:12 GMT'} - handle_request.py - 67
2019-10-21 20:35:13,324 - [DEBUG] [message] 测试手机号不存在, 执行结果为:Pass - test_03_recharge.py - 78
2019-10-21 20:35:13,389 - [INFO] [message] 请求url: http://test.lemonban.com:8080/futureloan/mvc/api/member/recharge, 请求参数: {'mobilephone': '17511122', 'amount': 500002}, 请求头: {'User-Agent': 'python-requests/2.21.0', 'Accept-Encoding': 'gzip, deflate', 'Accept': '*/*', 'Connection': 'keep-alive'} - handle_request.py - 66
2019-10-21 20:35:13,389 - [INFO] [message] 响应状态码: 200, 响应结果: {"status":0,"code":"20109","data":null,"msg":"手机号码格式不正确"}, 请求头: {'Server': 'Apache-Coyote/1.1', 'Content-Type': 'application/json;charset=UTF-8', 'Transfer-Encoding': 'chunked', 'Date': 'Mon, 21 Oct 2019 12:35:13 GMT'} - handle_request.py - 67
2019-10-21 20:35:13,575 - [DEBUG] [message] 测试手机号小于11位, 执行结果为:Pass - test_03_recharge.py - 78
2019-10-21 20:35:13,649 - [INFO] [message] 请求url: http://test.lemonban.com:8080/futureloan/mvc/api/member/recharge, 请求参数: {'mobilephone': '18929186740', 'amount': 5000.222}, 请求头: {'User-Agent': 'python-requests/2.21.0', 'Accept-Encoding': 'gzip, deflate', 'Accept': '*/*', 'Connection': 'keep-alive'} - handle_request.py - 66
2019-10-21 20:35:13,649 - [INFO] [message] 响应状态码: 200, 响应结果: {"status":0,"code":"20116","data":null,"msg":"输入金额的金额小数不能超过两位"}, 请求头: {'Server': 'Apache-Coyote/1.1', 'Content-Type': 'application/json;charset=UTF-8', 'Transfer-Encoding': 'chunked', 'Date': 'Mon, 21 Oct 2019 12:35:13 GMT'} - handle_request.py - 67
2019-10-21 20:35:13,809 - [DEBUG] [message] 测试充值金额3位小数, 执行结果为:Pass - test_03_recharge.py - 78
2019-10-21 20:35:13,916 - [INFO] [message] 请求url: http://test.lemonban.com:8080/futureloan/mvc/api/member/recharge, 请求参数: {'mobilephone': '18929186740', 'amount': 5000000}, 请求头: {'User-Agent': 'python-requests/2.21.0', 'Accept-Encoding': 'gzip, deflate', 'Accept': '*/*', 'Connection': 'keep-alive'} - handle_request.py - 66
2019-10-21 20:35:13,916 - [INFO] [message] 响应状态码: 200, 响应结果: {"status":0,"code":"20117","data":null,"msg":"请输入范围在0到50万之间的正数金额"}, 请求头: {'Server': 'Apache-Coyote/1.1', 'Content-Type': 'application/json;charset=UTF-8', 'Transfer-Encoding': 'chunked', 'Date': 'Mon, 21 Oct 2019 12:35:13 GMT'} - handle_request.py - 67
2019-10-21 20:35:14,066 - [DEBUG] [message] 测试充值金额大于50万, 执行结果为:Pass - test_03_recharge.py - 78
2019-10-21 20:35:14,199 - [INFO] [message] 请求url: http://test.lemonban.com:8080/futureloan/mvc/api/member/recharge, 请求参数: {'mobilephone': '18929186740', 'amount': 'abc111'}, 请求头: {'User-Agent': 'python-requests/2.21.0', 'Accept-Encoding': 'gzip, deflate', 'Accept': '*/*', 'Connection': 'keep-alive'} - handle_request.py - 66
2019-10-21 20:35:14,199 - [INFO] [message] 响应状态码: 200, 响应结果: {"status":0,"code":"20118","data":null,"msg":"请输入数字"}, 请求头: {'Server': 'Apache-Coyote/1.1', 'Content-Type': 'application/json;charset=UTF-8', 'Transfer-Encoding': 'chunked', 'Date': 'Mon, 21 Oct 2019 12:35:13 GMT'} - handle_request.py - 67
2019-10-21 20:35:14,365 - [DEBUG] [message] 测试充值金额非数字, 执行结果为:Pass - test_03_recharge.py - 78
2019-10-21 20:35:14,365 - [DEBUG] [message] 
==================结束测试================== - test_03_recharge.py - 36
2019-10-21 20:35:14,501 - [DEBUG] [message] 
=================开始执行测试================= - test_04_add.py - 31
2019-10-21 20:35:14,711 - [INFO] [message] 请求url: http://test.lemonban.com:8080/futureloan/mvc/api/member/login, 请求参数: {'mobilephone': '18976490258', 'pwd': '123456'}, 请求头: {'User-Agent': 'python-requests/2.21.0', 'Accept-Encoding': 'gzip, deflate', 'Accept': '*/*', 'Connection': 'keep-alive'} - handle_request.py - 66
2019-10-21 20:35:14,712 - [INFO] [message] 响应状态码: 200, 响应结果: {"status":1,"code":"10001","data":null,"msg":"登录成功"}, 请求头: {'Server': 'Apache-Coyote/1.1', 'Set-Cookie': 'JSESSIONID=25F64EA5DC2E5237D83FA9B77F82868F; Path=/futureloan, rememberMe=deleteMe; Path=/futureloan; Max-Age=0; Expires=Sun, 20-Oct-2019 12:35:14 GMT', 'Content-Type': 'application/json;charset=UTF-8', 'Transfer-Encoding': 'chunked', 'Date': 'Mon, 21 Oct 2019 12:35:14 GMT'} - handle_request.py - 67
2019-10-21 20:35:14,859 - [DEBUG] [message] 测试借款人登录, 执行结果为:Pass - test_04_add.py - 60
2019-10-21 20:35:15,028 - [INFO] [message] 请求url: http://test.lemonban.com:8080/futureloan/mvc/api/loan/add, 请求参数: {'memberId': '175877', 'title': '上海买房', 'amount': 100000, 'loanRate': 18.0, 'loanTerm': 4, 'loanDateType': 0, 'repaymemtWay': 4, 'biddingDays': 10}, 请求头: {'User-Agent': 'python-requests/2.21.0', 'Accept-Encoding': 'gzip, deflate', 'Accept': '*/*', 'Connection': 'keep-alive'} - handle_request.py - 66
2019-10-21 20:35:15,028 - [INFO] [message] 响应状态码: 200, 响应结果: {"status":1,"code":"10001","data":null,"msg":"加标成功"}, 请求头: {'Server': 'Apache-Coyote/1.1', 'Content-Type': 'application/json;charset=UTF-8', 'Transfer-Encoding': 'chunked', 'Date': 'Mon, 21 Oct 2019 12:35:14 GMT'} - handle_request.py - 67
2019-10-21 20:35:15,189 - [DEBUG] [message] 测试正确加标, 执行结果为:Pass - test_04_add.py - 60
2019-10-21 20:35:15,351 - [INFO] [message] 请求url: http://test.lemonban.com:8080/futureloan/mvc/api/loan/add, 请求参数: {'memberId': '', 'title': '上海买房', 'amount': 100000, 'loanRate': 18.0, 'loanTerm': 4, 'loanDateType': 0, 'repaymemtWay': 4, 'biddingDays': 11}, 请求头: {'User-Agent': 'python-requests/2.21.0', 'Accept-Encoding': 'gzip, deflate', 'Accept': '*/*', 'Connection': 'keep-alive'} - handle_request.py - 66
2019-10-21 20:35:15,352 - [INFO] [message] 响应状态码: 200, 响应结果: {"status":0,"code":"20103","data":null,"msg":"所有参数不能为空"}, 请求头: {'Server': 'Apache-Coyote/1.1', 'Content-Type': 'application/json;charset=UTF-8', 'Transfer-Encoding': 'chunked', 'Date': 'Mon, 21 Oct 2019 12:35:14 GMT'} - handle_request.py - 67
2019-10-21 20:35:15,517 - [DEBUG] [message] 测试借款人id为空, 执行结果为:Pass - test_04_add.py - 60
2019-10-21 20:35:15,659 - [INFO] [message] 请求url: http://test.lemonban.com:8080/futureloan/mvc/api/loan/add, 请求参数: {'memberId': '186025', 'title': '上海买房', 'amount': 100000, 'loanRate': 18.0, 'loanTerm': 4, 'loanDateType': 0, 'repaymemtWay': 4, 'biddingDays': 12}, 请求头: {'User-Agent': 'python-requests/2.21.0', 'Accept-Encoding': 'gzip, deflate', 'Accept': '*/*', 'Connection': 'keep-alive'} - handle_request.py - 66
2019-10-21 20:35:15,659 - [INFO] [message] 响应状态码: 200, 响应结果: {"status":0,"code":"20105","data":null,"msg":"不存在该会员"}, 请求头: {'Server': 'Apache-Coyote/1.1', 'Content-Type': 'application/json;charset=UTF-8', 'Transfer-Encoding': 'chunked', 'Date': 'Mon, 21 Oct 2019 12:35:14 GMT'} - handle_request.py - 67
2019-10-21 20:35:15,818 - [DEBUG] [message] 测试借款人id不存在, 执行结果为:Pass - test_04_add.py - 60
2019-10-21 20:35:15,966 - [INFO] [message] 请求url: http://test.lemonban.com:8080/futureloan/mvc/api/loan/add, 请求参数: {'memberId': '-12312', 'title': '上海买房', 'amount': 100000, 'loanRate': 18.0, 'loanTerm': 4, 'loanDateType': 0, 'repaymemtWay': 4, 'biddingDays': 13}, 请求头: {'User-Agent': 'python-requests/2.21.0', 'Accept-Encoding': 'gzip, deflate', 'Accept': '*/*', 'Connection': 'keep-alive'} - handle_request.py - 66
2019-10-21 20:35:15,966 - [INFO] [message] 响应状态码: 200, 响应结果: {"status":0,"code":"20104","data":null,"msg":"参数错误：用户ID memberId必须是正整数"}, 请求头: {'Server': 'Apache-Coyote/1.1', 'Content-Type': 'application/json;charset=UTF-8', 'Transfer-Encoding': 'chunked', 'Date': 'Mon, 21 Oct 2019 12:35:15 GMT'} - handle_request.py - 67
2019-10-21 20:35:16,126 - [DEBUG] [message] 测试借款人id非正整数, 执行结果为:Pass - test_04_add.py - 60
2019-10-21 20:35:16,282 - [INFO] [message] 请求url: http://test.lemonban.com:8080/futureloan/mvc/api/loan/add, 请求参数: {'memberId': '175877', 'title': '上海买房', 'amount': 999, 'loanRate': 18.0, 'loanTerm': 4, 'loanDateType': 0, 'repaymemtWay': 4, 'biddingDays': 14}, 请求头: {'User-Agent': 'python-requests/2.21.0', 'Accept-Encoding': 'gzip, deflate', 'Accept': '*/*', 'Connection': 'keep-alive'} - handle_request.py - 66
2019-10-21 20:35:16,283 - [INFO] [message] 响应状态码: 200, 响应结果: {"status":0,"code":"20106","data":null,"msg":"参数错误：借款金额amount必须为大于1000并能被100整除的正整数"}, 请求头: {'Server': 'Apache-Coyote/1.1', 'Content-Type': 'application/json;charset=UTF-8', 'Transfer-Encoding': 'chunked', 'Date': 'Mon, 21 Oct 2019 12:35:15 GMT'} - handle_request.py - 67
2019-10-21 20:35:16,445 - [DEBUG] [message] 测试借款金额小于1000, 执行结果为:Pass - test_04_add.py - 60
2019-10-21 20:35:16,597 - [INFO] [message] 请求url: http://test.lemonban.com:8080/futureloan/mvc/api/loan/add, 请求参数: {'memberId': '175877', 'title': '上海买房', 'amount': 100000.88, 'loanRate': 18.0, 'loanTerm': 4, 'loanDateType': 0, 'repaymemtWay': 4, 'biddingDays': 15}, 请求头: {'User-Agent': 'python-requests/2.21.0', 'Accept-Encoding': 'gzip, deflate', 'Accept': '*/*', 'Connection': 'keep-alive'} - handle_request.py - 66
2019-10-21 20:35:16,598 - [INFO] [message] 响应状态码: 200, 响应结果: {"status":0,"code":"20106","data":null,"msg":"参数错误：借款金额amount必须为大于1000并能被100整除的正整数"}, 请求头: {'Server': 'Apache-Coyote/1.1', 'Content-Type': 'application/json;charset=UTF-8', 'Transfer-Encoding': 'chunked', 'Date': 'Mon, 21 Oct 2019 12:35:15 GMT'} - handle_request.py - 67
2019-10-21 20:35:16,761 - [DEBUG] [message] 测试借款金额为2位小数, 执行结果为:Pass - test_04_add.py - 60
2019-10-21 20:35:16,903 - [INFO] [message] 请求url: http://test.lemonban.com:8080/futureloan/mvc/api/loan/add, 请求参数: {'memberId': '175877', 'title': '上海买房', 'amount': -100000, 'loanRate': 18.0, 'loanTerm': 4, 'loanDateType': 0, 'repaymemtWay': 4, 'biddingDays': 16}, 请求头: {'User-Agent': 'python-requests/2.21.0', 'Accept-Encoding': 'gzip, deflate', 'Accept': '*/*', 'Connection': 'keep-alive'} - handle_request.py - 66
2019-10-21 20:35:16,903 - [INFO] [message] 响应状态码: 200, 响应结果: {"status":0,"code":"20106","data":null,"msg":"参数错误：借款金额amount必须为大于1000并能被100整除的正整数"}, 请求头: {'Server': 'Apache-Coyote/1.1', 'Content-Type': 'application/json;charset=UTF-8', 'Transfer-Encoding': 'chunked', 'Date': 'Mon, 21 Oct 2019 12:35:15 GMT'} - handle_request.py - 67
2019-10-21 20:35:17,090 - [DEBUG] [message] 测试借款金额为负数, 执行结果为:Pass - test_04_add.py - 60
2019-10-21 20:35:17,251 - [INFO] [message] 请求url: http://test.lemonban.com:8080/futureloan/mvc/api/loan/add, 请求参数: {'memberId': '175877', 'title': '上海买房', 'amount': 100010, 'loanRate': 18.0, 'loanTerm': 4, 'loanDateType': 0, 'repaymemtWay': 4, 'biddingDays': 17}, 请求头: {'User-Agent': 'python-requests/2.21.0', 'Accept-Encoding': 'gzip, deflate', 'Accept': '*/*', 'Connection': 'keep-alive'} - handle_request.py - 66
2019-10-21 20:35:17,252 - [INFO] [message] 响应状态码: 200, 响应结果: {"status":0,"code":"20106","data":null,"msg":"参数错误：借款金额amount必须为大于1000并能被100整除的正整数"}, 请求头: {'Server': 'Apache-Coyote/1.1', 'Content-Type': 'application/json;charset=UTF-8', 'Transfer-Encoding': 'chunked', 'Date': 'Mon, 21 Oct 2019 12:35:17 GMT'} - handle_request.py - 67
2019-10-21 20:35:17,413 - [DEBUG] [message] 测试借款金额不能被100整除, 执行结果为:Pass - test_04_add.py - 60
2019-10-21 20:35:17,551 - [INFO] [message] 请求url: http://test.lemonban.com:8080/futureloan/mvc/api/loan/add, 请求参数: {'memberId': '175877', 'title': '上海买房', 'amount': 10000.55, 'loanRate': 18.0, 'loanTerm': 4, 'loanDateType': 0, 'repaymemtWay': 4, 'biddingDays': 18}, 请求头: {'User-Agent': 'python-requests/2.21.0', 'Accept-Encoding': 'gzip, deflate', 'Accept': '*/*', 'Connection': 'keep-alive'} - handle_request.py - 66
2019-10-21 20:35:17,551 - [INFO] [message] 响应状态码: 200, 响应结果: {"status":0,"code":"20106","data":null,"msg":"参数错误：借款金额amount必须为大于1000并能被100整除的正整数"}, 请求头: {'Server': 'Apache-Coyote/1.1', 'Content-Type': 'application/json;charset=UTF-8', 'Transfer-Encoding': 'chunked', 'Date': 'Mon, 21 Oct 2019 12:35:17 GMT'} - handle_request.py - 67
2019-10-21 20:35:17,715 - [DEBUG] [message] 测试借款金额为非正整数, 执行结果为:Pass - test_04_add.py - 60
2019-10-21 20:35:17,857 - [INFO] [message] 请求url: http://test.lemonban.com:8080/futureloan/mvc/api/loan/add, 请求参数: {'memberId': '175877', 'title': '上海买房', 'amount': '', 'loanRate': 18.0, 'loanTerm': 4, 'loanDateType': 0, 'repaymemtWay': 4, 'biddingDays': 19}, 请求头: {'User-Agent': 'python-requests/2.21.0', 'Accept-Encoding': 'gzip, deflate', 'Accept': '*/*', 'Connection': 'keep-alive'} - handle_request.py - 66
2019-10-21 20:35:17,857 - [INFO] [message] 响应状态码: 200, 响应结果: {"status":0,"code":"20103","data":null,"msg":"所有参数不能为空"}, 请求头: {'Server': 'Apache-Coyote/1.1', 'Content-Type': 'application/json;charset=UTF-8', 'Transfer-Encoding': 'chunked', 'Date': 'Mon, 21 Oct 2019 12:35:17 GMT'} - handle_request.py - 67
2019-10-21 20:35:18,022 - [DEBUG] [message] 测试借款金额为空, 执行结果为:Pass - test_04_add.py - 60
2019-10-21 20:35:18,162 - [INFO] [message] 请求url: http://test.lemonban.com:8080/futureloan/mvc/api/loan/add, 请求参数: {'memberId': '175877', 'title': '上海买房', 'amount': 100000, 'loanRate': -18.0, 'loanTerm': 4, 'loanDateType': 0, 'repaymemtWay': 4, 'biddingDays': 20}, 请求头: {'User-Agent': 'python-requests/2.21.0', 'Accept-Encoding': 'gzip, deflate', 'Accept': '*/*', 'Connection': 'keep-alive'} - handle_request.py - 66
2019-10-21 20:35:18,162 - [INFO] [message] 响应状态码: 200, 响应结果: {"status":0,"code":"20107","data":null,"msg":"参数错误：借款利率loanRate值必须大于0小于或等于24"}, 请求头: {'Server': 'Apache-Coyote/1.1', 'Content-Type': 'application/json;charset=UTF-8', 'Transfer-Encoding': 'chunked', 'Date': 'Mon, 21 Oct 2019 12:35:17 GMT'} - handle_request.py - 67
2019-10-21 20:35:18,327 - [DEBUG] [message] 测试借款利率小于0, 执行结果为:Pass - test_04_add.py - 60
2019-10-21 20:35:18,464 - [INFO] [message] 请求url: http://test.lemonban.com:8080/futureloan/mvc/api/loan/add, 请求参数: {'memberId': '175877', 'title': '上海买房', 'amount': 100000, 'loanRate': 0, 'loanTerm': 4, 'loanDateType': 0, 'repaymemtWay': 4, 'biddingDays': 21}, 请求头: {'User-Agent': 'python-requests/2.21.0', 'Accept-Encoding': 'gzip, deflate', 'Accept': '*/*', 'Connection': 'keep-alive'} - handle_request.py - 66
2019-10-21 20:35:18,464 - [INFO] [message] 响应状态码: 200, 响应结果: {"status":0,"code":"20107","data":null,"msg":"参数错误：借款利率loanRate值必须大于0小于或等于24"}, 请求头: {'Server': 'Apache-Coyote/1.1', 'Content-Type': 'application/json;charset=UTF-8', 'Transfer-Encoding': 'chunked', 'Date': 'Mon, 21 Oct 2019 12:35:18 GMT'} - handle_request.py - 67
2019-10-21 20:35:18,628 - [DEBUG] [message] 测试借款利率等于0, 执行结果为:Pass - test_04_add.py - 60
2019-10-21 20:35:18,778 - [INFO] [message] 请求url: http://test.lemonban.com:8080/futureloan/mvc/api/loan/add, 请求参数: {'memberId': '175877', 'title': '上海买房', 'amount': 100000, 'loanRate': 28.0, 'loanTerm': 4, 'loanDateType': 0, 'repaymemtWay': 4, 'biddingDays': 22}, 请求头: {'User-Agent': 'python-requests/2.21.0', 'Accept-Encoding': 'gzip, deflate', 'Accept': '*/*', 'Connection': 'keep-alive'} - handle_request.py - 66
2019-10-21 20:35:18,778 - [INFO] [message] 响应状态码: 200, 响应结果: {"status":0,"code":"20107","data":null,"msg":"参数错误：借款利率loanRate值必须大于0小于或等于24"}, 请求头: {'Server': 'Apache-Coyote/1.1', 'Content-Type': 'application/json;charset=UTF-8', 'Transfer-Encoding': 'chunked', 'Date': 'Mon, 21 Oct 2019 12:35:18 GMT'} - handle_request.py - 67
2019-10-21 20:35:18,941 - [DEBUG] [message] 测试借款利率大于24, 执行结果为:Pass - test_04_add.py - 60
2019-10-21 20:35:19,128 - [INFO] [message] 请求url: http://test.lemonban.com:8080/futureloan/mvc/api/loan/add, 请求参数: {'memberId': '175877', 'title': '上海买房', 'amount': 100000, 'loanRate': 18.0, 'loanTerm': 4, 'loanDateType': 3, 'repaymemtWay': 4, 'biddingDays': 23}, 请求头: {'User-Agent': 'python-requests/2.21.0', 'Accept-Encoding': 'gzip, deflate', 'Accept': '*/*', 'Connection': 'keep-alive'} - handle_request.py - 66
2019-10-21 20:35:19,128 - [INFO] [message] 响应状态码: 200, 响应结果: {"status":0,"code":"20108","data":null,"msg":"参数错误：借款日期类型loanDateType只能为0,2,4"}, 请求头: {'Server': 'Apache-Coyote/1.1', 'Content-Type': 'application/json;charset=UTF-8', 'Transfer-Encoding': 'chunked', 'Date': 'Mon, 21 Oct 2019 12:35:18 GMT'} - handle_request.py - 67
2019-10-21 20:35:19,295 - [DEBUG] [message] 测试借款日期类型不等于0,2,4, 执行结果为:Pass - test_04_add.py - 60
2019-10-21 20:35:19,443 - [INFO] [message] 请求url: http://test.lemonban.com:8080/futureloan/mvc/api/loan/add, 请求参数: {'memberId': '175877', 'title': '上海买房', 'amount': 100000, 'loanRate': 18.0, 'loanTerm': 4, 'loanDateType': 2.1, 'repaymemtWay': 4, 'biddingDays': 24}, 请求头: {'User-Agent': 'python-requests/2.21.0', 'Accept-Encoding': 'gzip, deflate', 'Accept': '*/*', 'Connection': 'keep-alive'} - handle_request.py - 66
2019-10-21 20:35:19,443 - [INFO] [message] 响应状态码: 200, 响应结果: {"status":0,"code":"20109","data":null,"msg":"请根据数值参数的类型对应输入合法的数字"}, 请求头: {'Server': 'Apache-Coyote/1.1', 'Content-Type': 'application/json;charset=UTF-8', 'Transfer-Encoding': 'chunked', 'Date': 'Mon, 21 Oct 2019 12:35:18 GMT'} - handle_request.py - 67
2019-10-21 20:35:19,611 - [DEBUG] [message] 测试借款日期类型为小数, 执行结果为:Pass - test_04_add.py - 60
2019-10-21 20:35:19,754 - [INFO] [message] 请求url: http://test.lemonban.com:8080/futureloan/mvc/api/loan/add, 请求参数: {'memberId': '175877', 'title': '上海买房', 'amount': 100000, 'loanRate': 18.0, 'loanTerm': 4, 'loanDateType': '', 'repaymemtWay': 4, 'biddingDays': 25}, 请求头: {'User-Agent': 'python-requests/2.21.0', 'Accept-Encoding': 'gzip, deflate', 'Accept': '*/*', 'Connection': 'keep-alive'} - handle_request.py - 66
2019-10-21 20:35:19,754 - [INFO] [message] 响应状态码: 200, 响应结果: {"status":0,"code":"20103","data":null,"msg":"所有参数不能为空"}, 请求头: {'Server': 'Apache-Coyote/1.1', 'Content-Type': 'application/json;charset=UTF-8', 'Transfer-Encoding': 'chunked', 'Date': 'Mon, 21 Oct 2019 12:35:19 GMT'} - handle_request.py - 67
2019-10-21 20:35:19,920 - [DEBUG] [message] 测试借款日期类型为空, 执行结果为:Pass - test_04_add.py - 60
2019-10-21 20:35:19,924 - [DEBUG] [message] 
==================结束测试================== - test_04_add.py - 36
2019-10-21 20:35:20,063 - [DEBUG] [message] 
=================开始执行测试================= - test_05_invest.py - 31
2019-10-21 20:35:20,204 - [INFO] [message] 请求url: http://test.lemonban.com:8080/futureloan/mvc/api/member/login, 请求参数: {'mobilephone': '18976490258', 'pwd': '123456'}, 请求头: {'User-Agent': 'python-requests/2.21.0', 'Accept-Encoding': 'gzip, deflate', 'Accept': '*/*', 'Connection': 'keep-alive'} - handle_request.py - 66
2019-10-21 20:35:20,204 - [INFO] [message] 响应状态码: 200, 响应结果: {"status":1,"code":"10001","data":null,"msg":"登录成功"}, 请求头: {'Server': 'Apache-Coyote/1.1', 'Set-Cookie': 'JSESSIONID=2A5BE1DFAC2020BB7469E262FB58F90B; Path=/futureloan, rememberMe=deleteMe; Path=/futureloan; Max-Age=0; Expires=Sun, 20-Oct-2019 12:35:20 GMT', 'Content-Type': 'application/json;charset=UTF-8', 'Transfer-Encoding': 'chunked', 'Date': 'Mon, 21 Oct 2019 12:35:19 GMT'} - handle_request.py - 67
2019-10-21 20:35:20,354 - [DEBUG] [message] 测试管理员正常登录, 执行结果为:Pass - test_05_invest.py - 67
2019-10-21 20:35:20,559 - [INFO] [message] 请求url: http://test.lemonban.com:8080/futureloan/mvc/api/loan/add, 请求参数: {'memberId': '175877', 'title': '上海买房', 'amount': 100000, 'loanRate': 18.0, 'loanTerm': 4, 'loanDateType': 0, 'repaymemtWay': 4, 'biddingDays': 10}, 请求头: {'User-Agent': 'python-requests/2.21.0', 'Accept-Encoding': 'gzip, deflate', 'Accept': '*/*', 'Connection': 'keep-alive'} - handle_request.py - 66
2019-10-21 20:35:20,559 - [INFO] [message] 响应状态码: 200, 响应结果: {"status":1,"code":"10001","data":null,"msg":"加标成功"}, 请求头: {'Server': 'Apache-Coyote/1.1', 'Content-Type': 'application/json;charset=UTF-8', 'Transfer-Encoding': 'chunked', 'Date': 'Mon, 21 Oct 2019 12:35:19 GMT'} - handle_request.py - 67
2019-10-21 20:35:20,750 - [DEBUG] [message] 测试管理员加标, 执行结果为:Pass - test_05_invest.py - 67
2019-10-21 20:35:20,822 - [INFO] [message] 请求url: http://test.lemonban.com:8080/futureloan/mvc/api/loan/audit, 请求参数: {'id': '115079', 'status': '4'}, 请求头: {'User-Agent': 'python-requests/2.21.0', 'Accept-Encoding': 'gzip, deflate', 'Accept': '*/*', 'Connection': 'keep-alive'} - handle_request.py - 66
2019-10-21 20:35:20,822 - [INFO] [message] 响应状态码: 200, 响应结果: {"status":1,"code":"10001","data":null,"msg":"更新状态成功：竞标开始，当前标为竞标中状态"}, 请求头: {'Server': 'Apache-Coyote/1.1', 'Content-Type': 'application/json;charset=UTF-8', 'Transfer-Encoding': 'chunked', 'Date': 'Mon, 21 Oct 2019 12:35:20 GMT'} - handle_request.py - 67
2019-10-21 20:35:20,987 - [DEBUG] [message] 测试管理员审核, 执行结果为:Pass - test_05_invest.py - 67
2019-10-21 20:35:21,169 - [INFO] [message] 请求url: http://test.lemonban.com:8080/futureloan/mvc/api/member/login, 请求参数: {'mobilephone': '18929186740', 'pwd': '123456'}, 请求头: {'User-Agent': 'python-requests/2.21.0', 'Accept-Encoding': 'gzip, deflate', 'Accept': '*/*', 'Connection': 'keep-alive'} - handle_request.py - 66
2019-10-21 20:35:21,169 - [INFO] [message] 响应状态码: 200, 响应结果: {"status":1,"code":"10001","data":null,"msg":"登录成功"}, 请求头: {'Server': 'Apache-Coyote/1.1', 'Set-Cookie': 'rememberMe=deleteMe; Path=/futureloan; Max-Age=0; Expires=Sun, 20-Oct-2019 12:35:21 GMT', 'Content-Type': 'application/json;charset=UTF-8', 'Transfer-Encoding': 'chunked', 'Date': 'Mon, 21 Oct 2019 12:35:20 GMT'} - handle_request.py - 67
2019-10-21 20:35:21,340 - [DEBUG] [message] 测试投资人正常登录, 执行结果为:Pass - test_05_invest.py - 67
2019-10-21 20:35:21,451 - [INFO] [message] 请求url: http://test.lemonban.com:8080/futureloan/mvc/api/member/bidLoan, 请求参数: {'memberId': '175876', 'password': '123456', 'loanId': '115079', 'amount': '1000'}, 请求头: {'User-Agent': 'python-requests/2.21.0', 'Accept-Encoding': 'gzip, deflate', 'Accept': '*/*', 'Connection': 'keep-alive'} - handle_request.py - 66
2019-10-21 20:35:21,451 - [INFO] [message] 响应状态码: 200, 响应结果: {"status":1,"code":"10001","data":null,"msg":"竞标成功"}, 请求头: {'Server': 'Apache-Coyote/1.1', 'Content-Type': 'application/json;charset=UTF-8', 'Transfer-Encoding': 'chunked', 'Date': 'Mon, 21 Oct 2019 12:35:20 GMT'} - handle_request.py - 67
2019-10-21 20:35:21,623 - [DEBUG] [message] 测试投资人正常投资, 执行结果为:Pass - test_05_invest.py - 67
2019-10-21 20:35:21,769 - [INFO] [message] 请求url: http://test.lemonban.com:8080/futureloan/mvc/api/member/bidLoan, 请求参数: {'memberId': '', 'password': '123456', 'loanId': '115079', 'amount': '1000'}, 请求头: {'User-Agent': 'python-requests/2.21.0', 'Accept-Encoding': 'gzip, deflate', 'Accept': '*/*', 'Connection': 'keep-alive'} - handle_request.py - 66
2019-10-21 20:35:21,769 - [INFO] [message] 响应状态码: 200, 响应结果: {"status":0,"code":"11003","data":null,"msg":"参数错误:所有参数都不能为空"}, 请求头: {'Server': 'Apache-Coyote/1.1', 'Content-Type': 'application/json;charset=UTF-8', 'Transfer-Encoding': 'chunked', 'Date': 'Mon, 21 Oct 2019 12:35:20 GMT'} - handle_request.py - 67
2019-10-21 20:35:21,932 - [DEBUG] [message] 测试投资人id为空, 执行结果为:Pass - test_05_invest.py - 67
2019-10-21 20:35:21,998 - [INFO] [message] 请求url: http://test.lemonban.com:8080/futureloan/mvc/api/member/bidLoan, 请求参数: {'memberId': '175876', 'password': '', 'loanId': '115079', 'amount': '1000'}, 请求头: {'User-Agent': 'python-requests/2.21.0', 'Accept-Encoding': 'gzip, deflate', 'Accept': '*/*', 'Connection': 'keep-alive'} - handle_request.py - 66
2019-10-21 20:35:21,998 - [INFO] [message] 响应状态码: 200, 响应结果: {"status":0,"code":"11003","data":null,"msg":"参数错误:所有参数都不能为空"}, 请求头: {'Server': 'Apache-Coyote/1.1', 'Content-Type': 'application/json;charset=UTF-8', 'Transfer-Encoding': 'chunked', 'Date': 'Mon, 21 Oct 2019 12:35:21 GMT'} - handle_request.py - 67
2019-10-21 20:35:22,158 - [DEBUG] [message] 测试投资人密码为空, 执行结果为:Pass - test_05_invest.py - 67
2019-10-21 20:35:22,229 - [INFO] [message] 请求url: http://test.lemonban.com:8080/futureloan/mvc/api/member/bidLoan, 请求参数: {'memberId': '175876', 'password': '123456', 'loanId': '', 'amount': '1000'}, 请求头: {'User-Agent': 'python-requests/2.21.0', 'Accept-Encoding': 'gzip, deflate', 'Accept': '*/*', 'Connection': 'keep-alive'} - handle_request.py - 66
2019-10-21 20:35:22,230 - [INFO] [message] 响应状态码: 200, 响应结果: {"status":0,"code":"11003","data":null,"msg":"参数错误:所有参数都不能为空"}, 请求头: {'Server': 'Apache-Coyote/1.1', 'Content-Type': 'application/json;charset=UTF-8', 'Transfer-Encoding': 'chunked', 'Date': 'Mon, 21 Oct 2019 12:35:21 GMT'} - handle_request.py - 67
2019-10-21 20:35:22,362 - [DEBUG] [message] 测试标id为空, 执行结果为:Pass - test_05_invest.py - 67
2019-10-21 20:35:22,426 - [INFO] [message] 请求url: http://test.lemonban.com:8080/futureloan/mvc/api/member/bidLoan, 请求参数: {'memberId': '175876', 'password': '123456', 'loanId': '115079', 'amount': ''}, 请求头: {'User-Agent': 'python-requests/2.21.0', 'Accept-Encoding': 'gzip, deflate', 'Accept': '*/*', 'Connection': 'keep-alive'} - handle_request.py - 66
2019-10-21 20:35:22,427 - [INFO] [message] 响应状态码: 200, 响应结果: {"status":0,"code":"11003","data":null,"msg":"参数错误:所有参数都不能为空"}, 请求头: {'Server': 'Apache-Coyote/1.1', 'Content-Type': 'application/json;charset=UTF-8', 'Transfer-Encoding': 'chunked', 'Date': 'Mon, 21 Oct 2019 12:35:21 GMT'} - handle_request.py - 67
2019-10-21 20:35:22,563 - [DEBUG] [message] 测试投资金额为空, 执行结果为:Pass - test_05_invest.py - 67
2019-10-21 20:35:22,629 - [INFO] [message] 请求url: http://test.lemonban.com:8080/futureloan/mvc/api/member/bidLoan, 请求参数: {'memberId': '0', 'password': '123456', 'loanId': '115079', 'amount': '1000'}, 请求头: {'User-Agent': 'python-requests/2.21.0', 'Accept-Encoding': 'gzip, deflate', 'Accept': '*/*', 'Connection': 'keep-alive'} - handle_request.py - 66
2019-10-21 20:35:22,630 - [INFO] [message] 响应状态码: 200, 响应结果: {"status":0,"code":"11004","data":null,"msg":"参数错误，memberId必须是大于0的正整数"}, 请求头: {'Server': 'Apache-Coyote/1.1', 'Content-Type': 'application/json;charset=UTF-8', 'Transfer-Encoding': 'chunked', 'Date': 'Mon, 21 Oct 2019 12:35:21 GMT'} - handle_request.py - 67
2019-10-21 20:35:22,768 - [DEBUG] [message] 测试投资人id为0, 执行结果为:Pass - test_05_invest.py - 67
2019-10-21 20:35:22,856 - [INFO] [message] 请求url: http://test.lemonban.com:8080/futureloan/mvc/api/member/bidLoan, 请求参数: {'memberId': '175876', 'password': '123456', 'loanId': '0', 'amount': '1000'}, 请求头: {'User-Agent': 'python-requests/2.21.0', 'Accept-Encoding': 'gzip, deflate', 'Accept': '*/*', 'Connection': 'keep-alive'} - handle_request.py - 66
2019-10-21 20:35:22,856 - [INFO] [message] 响应状态码: 200, 响应结果: {"status":0,"code":"11009","data":null,"msg":"不存在该标的"}, 请求头: {'Server': 'Apache-Coyote/1.1', 'Content-Type': 'application/json;charset=UTF-8', 'Transfer-Encoding': 'chunked', 'Date': 'Mon, 21 Oct 2019 12:35:21 GMT'} - handle_request.py - 67
2019-10-21 20:35:23,025 - [DEBUG] [message] 测试标id为0, 执行结果为:Pass - test_05_invest.py - 67
2019-10-21 20:35:23,103 - [INFO] [message] 请求url: http://test.lemonban.com:8080/futureloan/mvc/api/member/bidLoan, 请求参数: {'memberId': '175876', 'password': '12312', 'loanId': '115079', 'amount': '1000'}, 请求头: {'User-Agent': 'python-requests/2.21.0', 'Accept-Encoding': 'gzip, deflate', 'Accept': '*/*', 'Connection': 'keep-alive'} - handle_request.py - 66
2019-10-21 20:35:23,104 - [INFO] [message] 响应状态码: 200, 响应结果: {"status":0,"code":"11006","data":null,"msg":"参数错误，password长度必须大于6位且小于18位"}, 请求头: {'Server': 'Apache-Coyote/1.1', 'Content-Type': 'application/json;charset=UTF-8', 'Transfer-Encoding': 'chunked', 'Date': 'Mon, 21 Oct 2019 12:35:23 GMT'} - handle_request.py - 67
2019-10-21 20:35:23,252 - [DEBUG] [message] 测试投资人密码小于6位, 执行结果为:Pass - test_05_invest.py - 67
2019-10-21 20:35:23,411 - [INFO] [message] 请求url: http://test.lemonban.com:8080/futureloan/mvc/api/member/bidLoan, 请求参数: {'memberId': '175876', 'password': '1234561234561234567', 'loanId': '115079', 'amount': '1000'}, 请求头: {'User-Agent': 'python-requests/2.21.0', 'Accept-Encoding': 'gzip, deflate', 'Accept': '*/*', 'Connection': 'keep-alive'} - handle_request.py - 66
2019-10-21 20:35:23,411 - [INFO] [message] 响应状态码: 200, 响应结果: {"status":0,"code":"11006","data":null,"msg":"参数错误，password长度必须大于6位且小于18位"}, 请求头: {'Server': 'Apache-Coyote/1.1', 'Content-Type': 'application/json;charset=UTF-8', 'Transfer-Encoding': 'chunked', 'Date': 'Mon, 21 Oct 2019 12:35:23 GMT'} - handle_request.py - 67
2019-10-21 20:35:23,561 - [DEBUG] [message] 测试投资人密码大于18位, 执行结果为:Pass - test_05_invest.py - 67
2019-10-21 20:35:23,638 - [INFO] [message] 请求url: http://test.lemonban.com:8080/futureloan/mvc/api/member/bidLoan, 请求参数: {'memberId': '175876', 'password': '123456', 'loanId': '115079', 'amount': '1009'}, 请求头: {'User-Agent': 'python-requests/2.21.0', 'Accept-Encoding': 'gzip, deflate', 'Accept': '*/*', 'Connection': 'keep-alive'} - handle_request.py - 66
2019-10-21 20:35:23,638 - [INFO] [message] 响应状态码: 200, 响应结果: {"status":0,"code":"11007","data":null,"msg":"参数错误，投资金额必须是能被100整除的正整数"}, 请求头: {'Server': 'Apache-Coyote/1.1', 'Content-Type': 'application/json;charset=UTF-8', 'Transfer-Encoding': 'chunked', 'Date': 'Mon, 21 Oct 2019 12:35:23 GMT'} - handle_request.py - 67
2019-10-21 20:35:23,788 - [DEBUG] [message] 测试投资金额不能被100整除, 执行结果为:Pass - test_05_invest.py - 67
2019-10-21 20:35:23,867 - [INFO] [message] 请求url: http://test.lemonban.com:8080/futureloan/mvc/api/member/bidLoan, 请求参数: {'memberId': '185876', 'password': '123456', 'loanId': '115079', 'amount': '1000'}, 请求头: {'User-Agent': 'python-requests/2.21.0', 'Accept-Encoding': 'gzip, deflate', 'Accept': '*/*', 'Connection': 'keep-alive'} - handle_request.py - 66
2019-10-21 20:35:23,867 - [INFO] [message] 响应状态码: 200, 响应结果: {"status":0,"code":"11008","data":null,"msg":"不存在该用户"}, 请求头: {'Server': 'Apache-Coyote/1.1', 'Content-Type': 'application/json;charset=UTF-8', 'Transfer-Encoding': 'chunked', 'Date': 'Mon, 21 Oct 2019 12:35:23 GMT'} - handle_request.py - 67
2019-10-21 20:35:24,011 - [DEBUG] [message] 测试投资人id不存在, 执行结果为:Pass - test_05_invest.py - 67
2019-10-21 20:35:24,091 - [INFO] [message] 请求url: http://test.lemonban.com:8080/futureloan/mvc/api/member/bidLoan, 请求参数: {'memberId': '175876', 'password': '123456', 'loanId': '125079', 'amount': '1000'}, 请求头: {'User-Agent': 'python-requests/2.21.0', 'Accept-Encoding': 'gzip, deflate', 'Accept': '*/*', 'Connection': 'keep-alive'} - handle_request.py - 66
2019-10-21 20:35:24,091 - [INFO] [message] 响应状态码: 200, 响应结果: {"status":0,"code":"11009","data":null,"msg":"不存在该标的"}, 请求头: {'Server': 'Apache-Coyote/1.1', 'Content-Type': 'application/json;charset=UTF-8', 'Transfer-Encoding': 'chunked', 'Date': 'Mon, 21 Oct 2019 12:35:23 GMT'} - handle_request.py - 67
2019-10-21 20:35:24,244 - [DEBUG] [message] 测试标id不存在, 执行结果为:Pass - test_05_invest.py - 67
2019-10-21 20:35:24,244 - [DEBUG] [message] 
==================结束测试================== - test_05_invest.py - 36
